{"/Users/houes/Documents/Git/opensource/blueprint-cdk/blueprint-cdk-back-service/packages/rest-api/src/consumers/consumer.controller.ts": {"path":"/Users/houes/Documents/Git/opensource/blueprint-cdk/blueprint-cdk-back-service/packages/rest-api/src/consumers/consumer.controller.ts","statementMap":{"0":{"start":{"line":1,"column":0},"end":{"line":1,"column":36}},"1":{"start":{"line":2,"column":0},"end":{"line":2,"column":38}},"2":{"start":{"line":4,"column":0},"end":{"line":4,"column":70}},"3":{"start":{"line":7,"column":21},"end":{"line":7,"column":23}},"4":{"start":{"line":16,"column":23},"end":{"line":18,"column":2}},"5":{"start":{"line":32,"column":28},"end":{"line":32,"column":63}},"6":{"start":{"line":33,"column":4},"end":{"line":33,"column":44}},"7":{"start":{"line":34,"column":4},"end":{"line":34,"column":44}},"8":{"start":{"line":35,"column":4},"end":{"line":35,"column":33}},"9":{"start":{"line":37,"column":4},"end":{"line":39,"column":null}},"10":{"start":{"line":38,"column":6},"end":{"line":38,"column":81}},"11":{"start":{"line":48,"column":4},"end":{"line":84,"column":6}},"12":{"start":{"line":48,"column":32},"end":{"line":84,"column":6}},"13":{"start":{"line":49,"column":6},"end":{"line":49,"column":67}},"14":{"start":{"line":51,"column":6},"end":{"line":83,"column":null}},"15":{"start":{"line":52,"column":52},"end":{"line":52,"column":54}},"16":{"start":{"line":54,"column":8},"end":{"line":58,"column":null}},"17":{"start":{"line":55,"column":31},"end":{"line":55,"column":53}},"18":{"start":{"line":56,"column":26},"end":{"line":56,"column":63}},"19":{"start":{"line":57,"column":10},"end":{"line":57,"column":63}},"20":{"start":{"line":60,"column":8},"end":{"line":72,"column":null}},"21":{"start":{"line":61,"column":10},"end":{"line":61,"column":90}},"22":{"start":{"line":62,"column":10},"end":{"line":71,"column":null}},"23":{"start":{"line":62,"column":35},"end":{"line":62,"column":36}},"24":{"start":{"line":63,"column":12},"end":{"line":70,"column":25}},"25":{"start":{"line":65,"column":98},"end":{"line":69,"column":16}},"26":{"start":{"line":74,"column":8},"end":{"line":74,"column":29}},"27":{"start":{"line":76,"column":8},"end":{"line":82,"column":21}},"28":{"start":{"line":23,"column":0},"end":{"line":23,"column":21}},"29":{"start":{"line":99,"column":0},"end":{"line":99,"column":22}}},"fnMap":{"0":{"name":"(anonymous_8)","decl":{"start":{"line":31,"column":2},"end":{"line":31,"column":14}},"loc":{"start":{"line":31,"column":46},"end":{"line":40,"column":3}}},"1":{"name":"(anonymous_9)","decl":{"start":{"line":47,"column":2},"end":{"line":47,"column":9}},"loc":{"start":{"line":47,"column":42},"end":{"line":85,"column":3}}},"2":{"name":"(anonymous_10)","decl":{"start":{"line":48,"column":11},"end":{"line":48,"column":18}},"loc":{"start":{"line":48,"column":32},"end":{"line":84,"column":6}}},"3":{"name":"(anonymous_11)","decl":{"start":{"line":48,"column":32},"end":{"line":48,"column":null}},"loc":{"start":{"line":48,"column":32},"end":{"line":84,"column":5}}},"4":{"name":"(anonymous_12)","decl":{"start":{"line":65,"column":92},"end":{"line":65,"column":93}},"loc":{"start":{"line":65,"column":98},"end":{"line":69,"column":16}}}},"branchMap":{"0":{"loc":{"start":{"line":37,"column":4},"end":{"line":39,"column":null}},"type":"if","locations":[{"start":{"line":37,"column":4},"end":{"line":39,"column":null}}]},"1":{"loc":{"start":{"line":57,"column":33},"end":{"line":57,"column":60}},"type":"binary-expr","locations":[{"start":{"line":57,"column":33},"end":{"line":57,"column":54}},{"start":{"line":57,"column":58},"end":{"line":57,"column":60}}]},"2":{"loc":{"start":{"line":60,"column":8},"end":{"line":72,"column":null}},"type":"if","locations":[{"start":{"line":60,"column":8},"end":{"line":72,"column":null}}]},"3":{"loc":{"start":{"line":60,"column":12},"end":{"line":60,"column":61}},"type":"binary-expr","locations":[{"start":{"line":60,"column":12},"end":{"line":60,"column":37}},{"start":{"line":60,"column":41},"end":{"line":60,"column":61}}]}},"s":{"0":2,"1":2,"2":2,"3":2,"4":2,"5":3,"6":3,"7":3,"8":3,"9":3,"10":1,"11":3,"12":3,"13":3,"14":3,"15":3,"16":3,"17":3,"18":3,"19":2,"20":2,"21":1,"22":1,"23":1,"24":2,"25":11,"26":1,"27":1,"28":2,"29":2},"f":{"0":3,"1":3,"2":3,"3":3,"4":11},"b":{"0":[1],"1":[2,1],"2":[1],"3":[2,1]}}
,"/Users/houes/Documents/Git/opensource/blueprint-cdk/blueprint-cdk-back-service/packages/rest-api/src/consumers/processors/demo.processor.ts": {"path":"/Users/houes/Documents/Git/opensource/blueprint-cdk/blueprint-cdk-back-service/packages/rest-api/src/consumers/processors/demo.processor.ts","statementMap":{"0":{"start":{"line":2,"column":0},"end":{"line":2,"column":55}},"1":{"start":{"line":9,"column":4},"end":{"line":9,"column":12}},"2":{"start":{"line":13,"column":48},"end":{"line":13,"column":50}},"3":{"start":{"line":15,"column":4},"end":{"line":15,"column":29}},"4":{"start":{"line":6,"column":0},"end":{"line":6,"column":21}}},"fnMap":{"0":{"name":"(anonymous_7)","decl":{"start":{"line":8,"column":2},"end":{"line":8,"column":null}},"loc":{"start":{"line":8,"column":2},"end":{"line":10,"column":3}}},"1":{"name":"(anonymous_8)","decl":{"start":{"line":12,"column":8},"end":{"line":12,"column":15}},"loc":{"start":{"line":12,"column":46},"end":{"line":16,"column":null}}}},"branchMap":{},"s":{"0":1,"1":1,"2":1,"3":1,"4":1},"f":{"0":1,"1":1},"b":{}}
,"/Users/houes/Documents/Git/opensource/blueprint-cdk/blueprint-cdk-back-service/packages/rest-api/src/handlers/api.controller.ts": {"path":"/Users/houes/Documents/Git/opensource/blueprint-cdk/blueprint-cdk-back-service/packages/rest-api/src/handlers/api.controller.ts","statementMap":{"0":{"start":{"line":1,"column":0},"end":{"line":1,"column":24}},"1":{"start":{"line":2,"column":0},"end":{"line":2,"column":31}},"2":{"start":{"line":3,"column":0},"end":{"line":3,"column":40}},"3":{"start":{"line":4,"column":0},"end":{"line":4,"column":24}},"4":{"start":{"line":5,"column":0},"end":{"line":5,"column":33}},"5":{"start":{"line":6,"column":0},"end":{"line":6,"column":25}},"6":{"start":{"line":7,"column":0},"end":{"line":7,"column":39}},"7":{"start":{"line":9,"column":23},"end":{"line":9,"column":61}},"8":{"start":{"line":11,"column":13},"end":{"line":11,"column":78}},"9":{"start":{"line":24,"column":4},"end":{"line":24,"column":25}},"10":{"start":{"line":33,"column":4},"end":{"line":73,"column":6}},"11":{"start":{"line":33,"column":47},"end":{"line":73,"column":6}},"12":{"start":{"line":34,"column":6},"end":{"line":72,"column":null}},"13":{"start":{"line":35,"column":33},"end":{"line":35,"column":66}},"14":{"start":{"line":36,"column":8},"end":{"line":36,"column":56}},"15":{"start":{"line":37,"column":8},"end":{"line":37,"column":93}},"16":{"start":{"line":38,"column":8},"end":{"line":40,"column":null}},"17":{"start":{"line":39,"column":10},"end":{"line":39,"column":77}},"18":{"start":{"line":41,"column":8},"end":{"line":41,"column":102}},"19":{"start":{"line":42,"column":8},"end":{"line":44,"column":null}},"20":{"start":{"line":43,"column":10},"end":{"line":43,"column":103}},"21":{"start":{"line":45,"column":8},"end":{"line":47,"column":null}},"22":{"start":{"line":46,"column":10},"end":{"line":46,"column":95}},"23":{"start":{"line":49,"column":24},"end":{"line":49,"column":42}},"24":{"start":{"line":50,"column":8},"end":{"line":50,"column":59}},"25":{"start":{"line":51,"column":8},"end":{"line":51,"column":58}},"26":{"start":{"line":53,"column":21},"end":{"line":53,"column":43}},"27":{"start":{"line":54,"column":8},"end":{"line":58,"column":10}},"28":{"start":{"line":60,"column":8},"end":{"line":60,"column":33}},"29":{"start":{"line":62,"column":25},"end":{"line":66,"column":10}},"30":{"start":{"line":67,"column":8},"end":{"line":70,"column":null}},"31":{"start":{"line":68,"column":10},"end":{"line":68,"column":49}},"32":{"start":{"line":69,"column":10},"end":{"line":69,"column":72}},"33":{"start":{"line":71,"column":8},"end":{"line":71,"column":24}},"34":{"start":{"line":81,"column":19},"end":{"line":81,"column":121}},"35":{"start":{"line":82,"column":4},"end":{"line":82,"column":69}},"36":{"start":{"line":82,"column":28},"end":{"line":82,"column":53}},"37":{"start":{"line":90,"column":4},"end":{"line":90,"column":86}},"38":{"start":{"line":98,"column":4},"end":{"line":104,"column":6}},"39":{"start":{"line":100,"column":6},"end":{"line":102,"column":null}},"40":{"start":{"line":101,"column":8},"end":{"line":101,"column":35}},"41":{"start":{"line":103,"column":6},"end":{"line":103,"column":22}},"42":{"start":{"line":16,"column":0},"end":{"line":16,"column":13}}},"fnMap":{"0":{"name":"(anonymous_14)","decl":{"start":{"line":23,"column":2},"end":{"line":23,"column":14}},"loc":{"start":{"line":23,"column":30},"end":{"line":25,"column":3}}},"1":{"name":"(anonymous_15)","decl":{"start":{"line":32,"column":2},"end":{"line":32,"column":8}},"loc":{"start":{"line":32,"column":61},"end":{"line":74,"column":3}}},"2":{"name":"(anonymous_16)","decl":{"start":{"line":33,"column":11},"end":{"line":33,"column":18}},"loc":{"start":{"line":33,"column":47},"end":{"line":73,"column":6}}},"3":{"name":"(anonymous_17)","decl":{"start":{"line":33,"column":47},"end":{"line":33,"column":null}},"loc":{"start":{"line":33,"column":47},"end":{"line":73,"column":5}}},"4":{"name":"(anonymous_18)","decl":{"start":{"line":80,"column":10},"end":{"line":80,"column":28}},"loc":{"start":{"line":80,"column":48},"end":{"line":83,"column":3}}},"5":{"name":"(anonymous_19)","decl":{"start":{"line":82,"column":23},"end":{"line":82,"column":24}},"loc":{"start":{"line":82,"column":28},"end":{"line":82,"column":53}}},"6":{"name":"(anonymous_20)","decl":{"start":{"line":89,"column":2},"end":{"line":89,"column":13}},"loc":{"start":{"line":89,"column":33},"end":{"line":91,"column":3}}},"7":{"name":"(anonymous_21)","decl":{"start":{"line":97,"column":2},"end":{"line":97,"column":8}},"loc":{"start":{"line":97,"column":59},"end":{"line":105,"column":3}}},"8":{"name":"(anonymous_22)","decl":{"start":{"line":98,"column":11},"end":{"line":98,"column":14}},"loc":{"start":{"line":98,"column":16},"end":{"line":104,"column":5}}}},"branchMap":{"0":{"loc":{"start":{"line":11,"column":35},"end":{"line":11,"column":77}},"type":"binary-expr","locations":[{"start":{"line":11,"column":35},"end":{"line":11,"column":66}},{"start":{"line":11,"column":70},"end":{"line":11,"column":77}}]},"1":{"loc":{"start":{"line":23,"column":14},"end":{"line":23,"column":30}},"type":"default-arg","locations":[{"start":{"line":23,"column":23},"end":{"line":23,"column":30}}]},"2":{"loc":{"start":{"line":38,"column":8},"end":{"line":40,"column":null}},"type":"if","locations":[{"start":{"line":38,"column":8},"end":{"line":40,"column":null}}]},"3":{"loc":{"start":{"line":42,"column":8},"end":{"line":44,"column":null}},"type":"if","locations":[{"start":{"line":42,"column":8},"end":{"line":44,"column":null}}]},"4":{"loc":{"start":{"line":45,"column":8},"end":{"line":47,"column":null}},"type":"if","locations":[{"start":{"line":45,"column":8},"end":{"line":47,"column":null}}]},"5":{"loc":{"start":{"line":55,"column":22},"end":{"line":55,"column":44}},"type":"binary-expr","locations":[{"start":{"line":55,"column":22},"end":{"line":55,"column":37}},{"start":{"line":55,"column":41},"end":{"line":55,"column":44}}]},"6":{"loc":{"start":{"line":56,"column":31},"end":{"line":56,"column":46}},"type":"binary-expr","locations":[{"start":{"line":56,"column":31},"end":{"line":56,"column":40}},{"start":{"line":56,"column":44},"end":{"line":56,"column":46}}]},"7":{"loc":{"start":{"line":67,"column":8},"end":{"line":70,"column":null}},"type":"if","locations":[{"start":{"line":67,"column":8},"end":{"line":70,"column":null}}]},"8":{"loc":{"start":{"line":81,"column":20},"end":{"line":81,"column":88}},"type":"binary-expr","locations":[{"start":{"line":81,"column":20},"end":{"line":81,"column":82}},{"start":{"line":81,"column":86},"end":{"line":81,"column":88}}]},"9":{"loc":{"start":{"line":100,"column":6},"end":{"line":102,"column":null}},"type":"if","locations":[{"start":{"line":100,"column":6},"end":{"line":102,"column":null}}]}},"s":{"0":2,"1":2,"2":2,"3":2,"4":2,"5":2,"6":2,"7":2,"8":2,"9":2,"10":2,"11":6,"12":6,"13":6,"14":6,"15":6,"16":6,"17":6,"18":6,"19":6,"20":3,"21":6,"22":6,"23":6,"24":6,"25":6,"26":6,"27":2,"28":4,"29":4,"30":4,"31":2,"32":2,"33":4,"34":6,"35":6,"36":6,"37":6,"38":0,"39":0,"40":0,"41":0,"42":2},"f":{"0":2,"1":2,"2":6,"3":6,"4":6,"5":6,"6":6,"7":0,"8":0},"b":{"0":[2,2],"1":[2],"2":[6],"3":[3],"4":[6],"5":[2,0],"6":[2,0],"7":[2],"8":[6,0],"9":[0]}}
,"/Users/houes/Documents/Git/opensource/blueprint-cdk/blueprint-cdk-back-service/packages/rest-api/src/handlers/feedback.handler.ts": {"path":"/Users/houes/Documents/Git/opensource/blueprint-cdk/blueprint-cdk-back-service/packages/rest-api/src/handlers/feedback.handler.ts","statementMap":{"0":{"start":{"line":1,"column":0},"end":{"line":1,"column":49}},"1":{"start":{"line":2,"column":0},"end":{"line":2,"column":44}},"2":{"start":{"line":3,"column":0},"end":{"line":3,"column":70}},"3":{"start":{"line":5,"column":18},"end":{"line":5,"column":58}},"4":{"start":{"line":7,"column":12},"end":{"line":7,"column":31}},"5":{"start":{"line":8,"column":22},"end":{"line":8,"column":50}},"6":{"start":{"line":14,"column":13},"end":{"line":28,"column":2}},"7":{"start":{"line":14,"column":42},"end":{"line":28,"column":2}},"8":{"start":{"line":15,"column":2},"end":{"line":15,"column":39}},"9":{"start":{"line":17,"column":25},"end":{"line":17,"column":58}},"10":{"start":{"line":18,"column":28},"end":{"line":18,"column":35}},"11":{"start":{"line":19,"column":19},"end":{"line":22,"column":null}},"12":{"start":{"line":24,"column":2},"end":{"line":27,"column":4}},"13":{"start":{"line":31,"column":2},"end":{"line":31,"column":6}}},"fnMap":{"0":{"name":"(anonymous_7)","decl":{"start":{"line":14,"column":24},"end":{"line":14,"column":31}},"loc":{"start":{"line":14,"column":42},"end":{"line":28,"column":2}}},"1":{"name":"(anonymous_8)","decl":{"start":{"line":14,"column":42},"end":{"line":14,"column":null}},"loc":{"start":{"line":14,"column":42},"end":{"line":28,"column":1}}}},"branchMap":{"0":{"loc":{"start":{"line":5,"column":18},"end":{"line":5,"column":58}},"type":"binary-expr","locations":[{"start":{"line":5,"column":18},"end":{"line":5,"column":39}},{"start":{"line":5,"column":43},"end":{"line":5,"column":58}}]}},"s":{"0":2,"1":2,"2":2,"3":2,"4":2,"5":2,"6":2,"7":6,"8":6,"9":4,"10":4,"11":4,"12":2,"13":2},"f":{"0":6,"1":6},"b":{"0":[2,2]}}
,"/Users/houes/Documents/Git/opensource/blueprint-cdk/blueprint-cdk-back-service/packages/rest-api/src/notifications/cognito/cognito.gateway.ts": {"path":"/Users/houes/Documents/Git/opensource/blueprint-cdk/blueprint-cdk-back-service/packages/rest-api/src/notifications/cognito/cognito.gateway.ts","statementMap":{"0":{"start":{"line":1,"column":0},"end":{"line":1,"column":111}},"1":{"start":{"line":3,"column":13},"end":{"line":3,"column":49}},"2":{"start":{"line":18,"column":4},"end":{"line":18,"column":29}},"3":{"start":{"line":19,"column":4},"end":{"line":19,"column":33}},"4":{"start":{"line":27,"column":20},"end":{"line":30,"column":6}},"5":{"start":{"line":31,"column":4},"end":{"line":45,"column":9}},"6":{"start":{"line":33,"column":8},"end":{"line":35,"column":null}},"7":{"start":{"line":34,"column":10},"end":{"line":34,"column":57}},"8":{"start":{"line":37,"column":27},"end":{"line":40,"column":15}},"9":{"start":{"line":38,"column":10},"end":{"line":38,"column":48}},"10":{"start":{"line":39,"column":10},"end":{"line":39,"column":21}},"11":{"start":{"line":42,"column":8},"end":{"line":42,"column":42}},"12":{"start":{"line":44,"column":8},"end":{"line":44,"column":26}},"13":{"start":{"line":54,"column":16},"end":{"line":54,"column":18}},"14":{"start":{"line":55,"column":4},"end":{"line":67,"column":null}},"15":{"start":{"line":56,"column":32},"end":{"line":56,"column":66}},"16":{"start":{"line":57,"column":6},"end":{"line":57,"column":41}},"17":{"start":{"line":59,"column":6},"end":{"line":66,"column":null}},"18":{"start":{"line":60,"column":8},"end":{"line":60,"column":62}},"19":{"start":{"line":61,"column":8},"end":{"line":63,"column":null}},"20":{"start":{"line":62,"column":10},"end":{"line":62,"column":34}},"21":{"start":{"line":65,"column":8},"end":{"line":65,"column":20}},"22":{"start":{"line":68,"column":4},"end":{"line":68,"column":17}},"23":{"start":{"line":8,"column":0},"end":{"line":8,"column":13}}},"fnMap":{"0":{"name":"(anonymous_7)","decl":{"start":{"line":17,"column":2},"end":{"line":17,"column":14}},"loc":{"start":{"line":17,"column":73},"end":{"line":20,"column":3}}},"1":{"name":"(anonymous_8)","decl":{"start":{"line":26,"column":2},"end":{"line":26,"column":15}},"loc":{"start":{"line":26,"column":32},"end":{"line":46,"column":3}}},"2":{"name":"(anonymous_9)","decl":{"start":{"line":32,"column":12},"end":{"line":32,"column":13}},"loc":{"start":{"line":32,"column":26},"end":{"line":45,"column":7}}},"3":{"name":"(anonymous_10)","decl":{"start":{"line":37,"column":54},"end":{"line":37,"column":55}},"loc":{"start":{"line":37,"column":83},"end":{"line":40,"column":9}}},"4":{"name":"(anonymous_11)","decl":{"start":{"line":53,"column":8},"end":{"line":53,"column":20}},"loc":{"start":{"line":53,"column":56},"end":{"line":69,"column":null}}}},"branchMap":{"0":{"loc":{"start":{"line":33,"column":8},"end":{"line":35,"column":null}},"type":"if","locations":[{"start":{"line":33,"column":8},"end":{"line":35,"column":null}}]},"1":{"loc":{"start":{"line":53,"column":39},"end":{"line":53,"column":56}},"type":"default-arg","locations":[{"start":{"line":53,"column":52},"end":{"line":53,"column":56}}]},"2":{"loc":{"start":{"line":59,"column":6},"end":{"line":66,"column":null}},"type":"if","locations":[{"start":{"line":59,"column":6},"end":{"line":66,"column":null}},{"start":{"line":64,"column":13},"end":{"line":66,"column":null}}]},"3":{"loc":{"start":{"line":61,"column":8},"end":{"line":63,"column":null}},"type":"if","locations":[{"start":{"line":61,"column":8},"end":{"line":63,"column":null}}]}},"s":{"0":1,"1":1,"2":1,"3":1,"4":2,"5":2,"6":2,"7":0,"8":2,"9":8,"10":8,"11":2,"12":2,"13":0,"14":0,"15":0,"16":0,"17":0,"18":0,"19":0,"20":0,"21":0,"22":0,"23":1},"f":{"0":1,"1":2,"2":2,"3":8,"4":0},"b":{"0":[0],"1":[0],"2":[0,0],"3":[0]}}
,"/Users/houes/Documents/Git/opensource/blueprint-cdk/blueprint-cdk-back-service/packages/rest-api/src/notifications/email/email.gateway.ts": {"path":"/Users/houes/Documents/Git/opensource/blueprint-cdk/blueprint-cdk-back-service/packages/rest-api/src/notifications/email/email.gateway.ts","statementMap":{"0":{"start":{"line":15,"column":4},"end":{"line":15,"column":19}},"1":{"start":{"line":16,"column":4},"end":{"line":16,"column":33}},"2":{"start":{"line":28,"column":19},"end":{"line":28,"column":55}},"3":{"start":{"line":31,"column":20},"end":{"line":31,"column":27}},"4":{"start":{"line":34,"column":19},"end":{"line":53,"column":6}},"5":{"start":{"line":55,"column":4},"end":{"line":55,"column":48}},"6":{"start":{"line":4,"column":0},"end":{"line":4,"column":13}}},"fnMap":{"0":{"name":"(anonymous_0)","decl":{"start":{"line":14,"column":2},"end":{"line":14,"column":14}},"loc":{"start":{"line":14,"column":42},"end":{"line":17,"column":3}}},"1":{"name":"(anonymous_1)","decl":{"start":{"line":27,"column":2},"end":{"line":27,"column":11}},"loc":{"start":{"line":27,"column":67},"end":{"line":56,"column":3}}}},"branchMap":{},"s":{"0":1,"1":1,"2":1,"3":1,"4":1,"5":1,"6":1},"f":{"0":1,"1":1},"b":{}}
,"/Users/houes/Documents/Git/opensource/blueprint-cdk/blueprint-cdk-back-service/packages/rest-api/src/notifications/models/notification.ts": {"path":"/Users/houes/Documents/Git/opensource/blueprint-cdk/blueprint-cdk-back-service/packages/rest-api/src/notifications/models/notification.ts","statementMap":{"0":{"start":{"line":1,"column":0},"end":{"line":1,"column":null}},"1":{"start":{"line":2,"column":2},"end":{"line":2,"column":null}},"2":{"start":{"line":3,"column":2},"end":{"line":3,"column":null}}},"fnMap":{"0":{"name":"(anonymous_0)","decl":{"start":{"line":1,"column":0},"end":{"line":1,"column":12}},"loc":{"start":{"line":1,"column":25},"end":{"line":4,"column":1}}}},"branchMap":{"0":{"loc":{"start":{"line":1,"column":12},"end":{"line":1,"column":null}},"type":"binary-expr","locations":[{"start":{"line":1,"column":12},"end":{"line":1,"column":25}},{"start":{"line":1,"column":12},"end":{"line":1,"column":null}}]}},"s":{"0":1,"1":1,"2":1},"f":{"0":1},"b":{"0":[1,1]}}
,"/Users/houes/Documents/Git/opensource/blueprint-cdk/blueprint-cdk-back-service/packages/rest-api/src/notifications/slack/slack.gateway.ts": {"path":"/Users/houes/Documents/Git/opensource/blueprint-cdk/blueprint-cdk-back-service/packages/rest-api/src/notifications/slack/slack.gateway.ts","statementMap":{"0":{"start":{"line":1,"column":0},"end":{"line":1,"column":55}},"1":{"start":{"line":2,"column":0},"end":{"line":2,"column":null}},"2":{"start":{"line":7,"column":0},"end":{"line":7,"column":94}},"3":{"start":{"line":46,"column":2},"end":{"line":62,"column":4}},"4":{"start":{"line":46,"column":58},"end":{"line":62,"column":4}},"5":{"start":{"line":47,"column":4},"end":{"line":53,"column":null}},"6":{"start":{"line":48,"column":22},"end":{"line":50,"column":8}},"7":{"start":{"line":51,"column":21},"end":{"line":51,"column":59}},"8":{"start":{"line":52,"column":6},"end":{"line":52,"column":61}},"9":{"start":{"line":54,"column":4},"end":{"line":61,"column":9}},"10":{"start":{"line":57,"column":8},"end":{"line":57,"column":29}},"11":{"start":{"line":60,"column":8},"end":{"line":60,"column":93}},"12":{"start":{"line":68,"column":2},"end":{"line":76,"column":4}},"13":{"start":{"line":69,"column":20},"end":{"line":69,"column":40}},"14":{"start":{"line":70,"column":4},"end":{"line":75,"column":6}},"15":{"start":{"line":15,"column":4},"end":{"line":15,"column":39}},"16":{"start":{"line":16,"column":4},"end":{"line":16,"column":67}},"17":{"start":{"line":17,"column":4},"end":{"line":17,"column":36}},"18":{"start":{"line":25,"column":4},"end":{"line":28,"column":null}},"19":{"start":{"line":26,"column":45},"end":{"line":26,"column":94}},"20":{"start":{"line":27,"column":15},"end":{"line":27,"column":60}},"21":{"start":{"line":36,"column":4},"end":{"line":39,"column":null}},"22":{"start":{"line":37,"column":45},"end":{"line":37,"column":79}},"23":{"start":{"line":38,"column":15},"end":{"line":38,"column":60}},"24":{"start":{"line":9,"column":0},"end":{"line":9,"column":13}}},"fnMap":{"0":{"name":"(anonymous_8)","decl":{"start":{"line":14,"column":2},"end":{"line":14,"column":14}},"loc":{"start":{"line":14,"column":86},"end":{"line":18,"column":3}}},"1":{"name":"(anonymous_9)","decl":{"start":{"line":46,"column":21},"end":{"line":46,"column":28}},"loc":{"start":{"line":46,"column":58},"end":{"line":62,"column":4}}},"2":{"name":"(anonymous_10)","decl":{"start":{"line":46,"column":58},"end":{"line":46,"column":null}},"loc":{"start":{"line":46,"column":58},"end":{"line":62,"column":3}}},"3":{"name":"(anonymous_11)","decl":{"start":{"line":56,"column":12},"end":{"line":56,"column":13}},"loc":{"start":{"line":56,"column":40},"end":{"line":58,"column":7}}},"4":{"name":"(anonymous_12)","decl":{"start":{"line":59,"column":13},"end":{"line":59,"column":14}},"loc":{"start":{"line":59,"column":35},"end":{"line":61,"column":7}}},"5":{"name":"(anonymous_13)","decl":{"start":{"line":68,"column":27},"end":{"line":68,"column":28}},"loc":{"start":{"line":68,"column":72},"end":{"line":76,"column":3}}},"6":{"name":"(anonymous_14)","decl":{"start":{"line":24,"column":2},"end":{"line":24,"column":12}},"loc":{"start":{"line":24,"column":39},"end":{"line":29,"column":3}}},"7":{"name":"(anonymous_15)","decl":{"start":{"line":35,"column":2},"end":{"line":35,"column":12}},"loc":{"start":{"line":35,"column":39},"end":{"line":40,"column":3}}}},"branchMap":{"0":{"loc":{"start":{"line":47,"column":4},"end":{"line":53,"column":null}},"type":"if","locations":[{"start":{"line":47,"column":4},"end":{"line":53,"column":null}}]},"1":{"loc":{"start":{"line":52,"column":35},"end":{"line":52,"column":60}},"type":"binary-expr","locations":[{"start":{"line":52,"column":35},"end":{"line":52,"column":54}},{"start":{"line":52,"column":58},"end":{"line":52,"column":60}}]},"2":{"loc":{"start":{"line":60,"column":44},"end":{"line":60,"column":89}},"type":"binary-expr","locations":[{"start":{"line":60,"column":44},"end":{"line":60,"column":70}},{"start":{"line":60,"column":74},"end":{"line":60,"column":89}}]},"3":{"loc":{"start":{"line":60,"column":44},"end":{"line":60,"column":70}},"type":"cond-expr","locations":[{"start":{"line":60,"column":58},"end":{"line":60,"column":60}},{"start":{"line":60,"column":58},"end":{"line":60,"column":70}}]},"4":{"loc":{"start":{"line":60,"column":44},"end":{"line":60,"column":60}},"type":"binary-expr","locations":[{"start":{"line":60,"column":44},"end":{"line":60,"column":60}},{"start":{"line":60,"column":58},"end":{"line":60,"column":60}}]},"5":{"loc":{"start":{"line":25,"column":4},"end":{"line":28,"column":null}},"type":"switch","locations":[{"start":{"line":26,"column":6},"end":{"line":26,"column":94}},{"start":{"line":27,"column":6},"end":{"line":27,"column":60}}]},"6":{"loc":{"start":{"line":36,"column":4},"end":{"line":39,"column":null}},"type":"switch","locations":[{"start":{"line":37,"column":6},"end":{"line":37,"column":79}},{"start":{"line":38,"column":6},"end":{"line":38,"column":60}}]}},"s":{"0":1,"1":1,"2":1,"3":1,"4":1,"5":1,"6":1,"7":1,"8":1,"9":1,"10":1,"11":0,"12":1,"13":1,"14":1,"15":1,"16":1,"17":1,"18":1,"19":1,"20":0,"21":1,"22":1,"23":0,"24":1},"f":{"0":1,"1":1,"2":1,"3":1,"4":0,"5":1,"6":1,"7":1},"b":{"0":[1],"1":[1,0],"2":[0,0],"3":[0,0],"4":[0,0],"5":[1,0],"6":[1,0]}}
,"/Users/houes/Documents/Git/opensource/blueprint-cdk/blueprint-cdk-back-service/packages/rest-api/src/tools/request.builder.ts": {"path":"/Users/houes/Documents/Git/opensource/blueprint-cdk/blueprint-cdk-back-service/packages/rest-api/src/tools/request.builder.ts","statementMap":{"0":{"start":{"line":14,"column":31},"end":{"line":60,"column":1}},"1":{"start":{"line":31,"column":27},"end":{"line":33,"column":8}},"2":{"start":{"line":32,"column":48},"end":{"line":32,"column":76}},"3":{"start":{"line":34,"column":34},"end":{"line":36,"column":4}},"4":{"start":{"line":38,"column":2},"end":{"line":59,"column":4}},"5":{"start":{"line":14,"column":13},"end":{"line":14,"column":31}},"6":{"start":{"line":62,"column":23},"end":{"line":64,"column":1}},"7":{"start":{"line":63,"column":2},"end":{"line":63,"column":33}}},"fnMap":{"0":{"name":"(anonymous_0)","decl":{"start":{"line":14,"column":31},"end":{"line":14,"column":32}},"loc":{"start":{"line":30,"column":21},"end":{"line":60,"column":1}}},"1":{"name":"(anonymous_1)","decl":{"start":{"line":32,"column":43},"end":{"line":32,"column":44}},"loc":{"start":{"line":32,"column":48},"end":{"line":32,"column":76}}},"2":{"name":"(anonymous_2)","decl":{"start":{"line":62,"column":23},"end":{"line":62,"column":24}},"loc":{"start":{"line":62,"column":43},"end":{"line":64,"column":1}}}},"branchMap":{"0":{"loc":{"start":{"line":15,"column":34},"end":{"line":15,"column":48}},"type":"default-arg","locations":[{"start":{"line":15,"column":43},"end":{"line":15,"column":48}}]},"1":{"loc":{"start":{"line":16,"column":34},"end":{"line":16,"column":44}},"type":"default-arg","locations":[{"start":{"line":16,"column":41},"end":{"line":16,"column":44}}]},"2":{"loc":{"start":{"line":17,"column":34},"end":{"line":17,"column":53}},"type":"default-arg","locations":[{"start":{"line":17,"column":51},"end":{"line":17,"column":53}}]},"3":{"loc":{"start":{"line":18,"column":34},"end":{"line":18,"column":54}},"type":"default-arg","locations":[{"start":{"line":18,"column":52},"end":{"line":18,"column":54}}]},"4":{"loc":{"start":{"line":19,"column":34},"end":{"line":19,"column":43}},"type":"default-arg","locations":[{"start":{"line":19,"column":41},"end":{"line":19,"column":43}}]},"5":{"loc":{"start":{"line":20,"column":34},"end":{"line":20,"column":58}},"type":"default-arg","locations":[{"start":{"line":20,"column":48},"end":{"line":20,"column":58}}]},"6":{"loc":{"start":{"line":21,"column":34},"end":{"line":21,"column":49}},"type":"default-arg","locations":[{"start":{"line":21,"column":44},"end":{"line":21,"column":49}}]},"7":{"loc":{"start":{"line":31,"column":27},"end":{"line":33,"column":8}},"type":"cond-expr","locations":[{"start":{"line":32,"column":6},"end":{"line":32,"column":89}},{"start":{"line":33,"column":6},"end":{"line":33,"column":8}}]},"8":{"loc":{"start":{"line":35,"column":8},"end":{"line":35,"column":34}},"type":"cond-expr","locations":[{"start":{"line":35,"column":18},"end":{"line":35,"column":29}},{"start":{"line":35,"column":32},"end":{"line":35,"column":34}}]},"9":{"loc":{"start":{"line":55,"column":10},"end":{"line":55,"column":64}},"type":"cond-expr","locations":[{"start":{"line":55,"column":37},"end":{"line":55,"column":41}},{"start":{"line":55,"column":44},"end":{"line":55,"column":64}}]}},"s":{"0":2,"1":8,"2":0,"3":8,"4":8,"5":2,"6":2,"7":8},"f":{"0":8,"1":0,"2":8},"b":{"0":[5],"1":[5],"2":[8],"3":[8],"4":[0],"5":[8],"6":[8],"7":[0,8],"8":[0,8],"9":[1,7]}}
,"/Users/houes/Documents/Git/opensource/blueprint-cdk/blueprint-cdk-back-service/packages/rest-api/src/utils/consumer.helpers.ts": {"path":"/Users/houes/Documents/Git/opensource/blueprint-cdk/blueprint-cdk-back-service/packages/rest-api/src/utils/consumer.helpers.ts","statementMap":{"0":{"start":{"line":1,"column":0},"end":{"line":1,"column":53}},"1":{"start":{"line":29,"column":27},"end":{"line":50,"column":1}},"2":{"start":{"line":30,"column":2},"end":{"line":49,"column":null}},"3":{"start":{"line":32,"column":6},"end":{"line":35,"column":8}},"4":{"start":{"line":37,"column":6},"end":{"line":41,"column":8}},"5":{"start":{"line":43,"column":6},"end":{"line":46,"column":8}},"6":{"start":{"line":48,"column":6},"end":{"line":48,"column":90}},"7":{"start":{"line":29,"column":13},"end":{"line":29,"column":27}},"8":{"start":{"line":58,"column":34},"end":{"line":64,"column":1}},"9":{"start":{"line":59,"column":25},"end":{"line":59,"column":71}},"10":{"start":{"line":60,"column":2},"end":{"line":62,"column":null}},"11":{"start":{"line":61,"column":4},"end":{"line":61,"column":105}},"12":{"start":{"line":63,"column":2},"end":{"line":63,"column":65}},"13":{"start":{"line":58,"column":13},"end":{"line":58,"column":34}},"14":{"start":{"line":72,"column":28},"end":{"line":75,"column":15}},"15":{"start":{"line":73,"column":2},"end":{"line":75,"column":15}},"16":{"start":{"line":74,"column":88},"end":{"line":74,"column":118}},"17":{"start":{"line":72,"column":13},"end":{"line":72,"column":28}},"18":{"start":{"line":83,"column":27},"end":{"line":84,"column":93}},"19":{"start":{"line":84,"column":2},"end":{"line":84,"column":93}},"20":{"start":{"line":84,"column":64},"end":{"line":84,"column":92}},"21":{"start":{"line":83,"column":13},"end":{"line":83,"column":27}}},"fnMap":{"0":{"name":"(anonymous_0)","decl":{"start":{"line":29,"column":27},"end":{"line":29,"column":31}},"loc":{"start":{"line":29,"column":63},"end":{"line":50,"column":1}}},"1":{"name":"(anonymous_1)","decl":{"start":{"line":58,"column":34},"end":{"line":58,"column":38}},"loc":{"start":{"line":58,"column":84},"end":{"line":64,"column":1}}},"2":{"name":"(anonymous_2)","decl":{"start":{"line":72,"column":28},"end":{"line":72,"column":29}},"loc":{"start":{"line":73,"column":2},"end":{"line":75,"column":15}}},"3":{"name":"(anonymous_3)","decl":{"start":{"line":74,"column":81},"end":{"line":74,"column":84}},"loc":{"start":{"line":74,"column":88},"end":{"line":74,"column":118}}},"4":{"name":"(anonymous_4)","decl":{"start":{"line":83,"column":27},"end":{"line":83,"column":28}},"loc":{"start":{"line":84,"column":2},"end":{"line":84,"column":93}}},"5":{"name":"(anonymous_5)","decl":{"start":{"line":84,"column":38},"end":{"line":84,"column":39}},"loc":{"start":{"line":84,"column":64},"end":{"line":84,"column":92}}}},"branchMap":{"0":{"loc":{"start":{"line":30,"column":2},"end":{"line":49,"column":null}},"type":"switch","locations":[{"start":{"line":31,"column":4},"end":{"line":35,"column":8}},{"start":{"line":36,"column":4},"end":{"line":41,"column":8}},{"start":{"line":42,"column":4},"end":{"line":46,"column":8}},{"start":{"line":47,"column":4},"end":{"line":48,"column":90}}]},"1":{"loc":{"start":{"line":60,"column":2},"end":{"line":62,"column":null}},"type":"if","locations":[{"start":{"line":60,"column":2},"end":{"line":62,"column":null}}]},"2":{"loc":{"start":{"line":60,"column":6},"end":{"line":60,"column":126}},"type":"binary-expr","locations":[{"start":{"line":60,"column":6},"end":{"line":60,"column":64}},{"start":{"line":60,"column":68},"end":{"line":60,"column":126}}]},"3":{"loc":{"start":{"line":73,"column":2},"end":{"line":75,"column":15}},"type":"cond-expr","locations":[{"start":{"line":74,"column":6},"end":{"line":74,"column":119}},{"start":{"line":75,"column":6},"end":{"line":75,"column":15}}]},"4":{"loc":{"start":{"line":73,"column":2},"end":{"line":73,"column":80}},"type":"binary-expr","locations":[{"start":{"line":73,"column":2},"end":{"line":73,"column":24}},{"start":{"line":73,"column":28},"end":{"line":73,"column":50}},{"start":{"line":73,"column":54},"end":{"line":73,"column":80}}]},"5":{"loc":{"start":{"line":74,"column":6},"end":{"line":74,"column":119}},"type":"binary-expr","locations":[{"start":{"line":74,"column":6},"end":{"line":74,"column":55}},{"start":{"line":74,"column":59},"end":{"line":74,"column":119}}]},"6":{"loc":{"start":{"line":84,"column":2},"end":{"line":84,"column":93}},"type":"binary-expr","locations":[{"start":{"line":84,"column":2},"end":{"line":84,"column":25}},{"start":{"line":84,"column":29},"end":{"line":84,"column":93}}]}},"s":{"0":3,"1":3,"2":7,"3":4,"4":1,"5":1,"6":1,"7":3,"8":3,"9":10,"10":10,"11":3,"12":7,"13":3,"14":3,"15":20,"16":11,"17":3,"18":3,"19":4,"20":3,"21":3},"f":{"0":7,"1":10,"2":20,"3":11,"4":4,"5":3},"b":{"0":[4,1,1,1],"1":[3],"2":[10,7],"3":[8,12],"4":[20,10,9],"5":[8,7],"6":[4,3]}}
,"/Users/houes/Documents/Git/opensource/blueprint-cdk/blueprint-cdk-back-service/packages/rest-api/src/validation/feedbacks.ts": {"path":"/Users/houes/Documents/Git/opensource/blueprint-cdk/blueprint-cdk-back-service/packages/rest-api/src/validation/feedbacks.ts","statementMap":{"0":{"start":{"line":1,"column":0},"end":{"line":1,"column":22}},"1":{"start":{"line":2,"column":0},"end":{"line":2,"column":37}},"2":{"start":{"line":4,"column":0},"end":{"line":4,"column":86}},"3":{"start":{"line":5,"column":0},"end":{"line":5,"column":60}},"4":{"start":{"line":7,"column":12},"end":{"line":7,"column":21}},"5":{"start":{"line":8,"column":0},"end":{"line":8,"column":16}},"6":{"start":{"line":10,"column":33},"end":{"line":17,"column":2}},"7":{"start":{"line":23,"column":70},"end":{"line":28,"column":1}},"8":{"start":{"line":24,"column":2},"end":{"line":27,"column":5}},"9":{"start":{"line":23,"column":13},"end":{"line":23,"column":70}}},"fnMap":{"0":{"name":"(anonymous_1)","decl":{"start":{"line":23,"column":70},"end":{"line":23,"column":71}},"loc":{"start":{"line":23,"column":82},"end":{"line":28,"column":1}}}},"branchMap":{},"s":{"0":3,"1":3,"2":3,"3":3,"4":3,"5":3,"6":3,"7":3,"8":11,"9":3},"f":{"0":11},"b":{}}
,"/Users/houes/Documents/Git/opensource/blueprint-cdk/blueprint-cdk-back-service/packages/rest-api/src/validation/request.validation.ts": {"path":"/Users/houes/Documents/Git/opensource/blueprint-cdk/blueprint-cdk-back-service/packages/rest-api/src/validation/request.validation.ts","statementMap":{"0":{"start":{"line":3,"column":0},"end":{"line":3,"column":46}},"1":{"start":{"line":16,"column":41},"end":{"line":26,"column":1}},"2":{"start":{"line":23,"column":2},"end":{"line":25,"column":null}},"3":{"start":{"line":24,"column":4},"end":{"line":24,"column":94}},"4":{"start":{"line":16,"column":13},"end":{"line":16,"column":41}},"5":{"start":{"line":34,"column":42},"end":{"line":44,"column":1}},"6":{"start":{"line":41,"column":2},"end":{"line":43,"column":null}},"7":{"start":{"line":42,"column":4},"end":{"line":42,"column":95}},"8":{"start":{"line":34,"column":13},"end":{"line":34,"column":42}},"9":{"start":{"line":52,"column":35},"end":{"line":69,"column":1}},"10":{"start":{"line":60,"column":2},"end":{"line":64,"column":null}},"11":{"start":{"line":61,"column":4},"end":{"line":61,"column":42}},"12":{"start":{"line":63,"column":4},"end":{"line":63,"column":62}},"13":{"start":{"line":66,"column":2},"end":{"line":68,"column":null}},"14":{"start":{"line":67,"column":4},"end":{"line":67,"column":83}},"15":{"start":{"line":52,"column":13},"end":{"line":52,"column":35}},"16":{"start":{"line":78,"column":24},"end":{"line":88,"column":1}},"17":{"start":{"line":79,"column":2},"end":{"line":87,"column":null}},"18":{"start":{"line":80,"column":4},"end":{"line":84,"column":null}},"19":{"start":{"line":81,"column":6},"end":{"line":81,"column":91}},"20":{"start":{"line":83,"column":6},"end":{"line":83,"column":40}},"21":{"start":{"line":86,"column":4},"end":{"line":86,"column":30}},"22":{"start":{"line":95,"column":31},"end":{"line":98,"column":1}},"23":{"start":{"line":96,"column":23},"end":{"line":96,"column":42}},"24":{"start":{"line":97,"column":2},"end":{"line":97,"column":47}}},"fnMap":{"0":{"name":"(anonymous_0)","decl":{"start":{"line":16,"column":41},"end":{"line":16,"column":42}},"loc":{"start":{"line":22,"column":5},"end":{"line":26,"column":1}}},"1":{"name":"(anonymous_1)","decl":{"start":{"line":34,"column":42},"end":{"line":34,"column":43}},"loc":{"start":{"line":40,"column":5},"end":{"line":44,"column":1}}},"2":{"name":"(anonymous_2)","decl":{"start":{"line":52,"column":35},"end":{"line":52,"column":36}},"loc":{"start":{"line":58,"column":5},"end":{"line":69,"column":1}}},"3":{"name":"(anonymous_3)","decl":{"start":{"line":78,"column":24},"end":{"line":78,"column":25}},"loc":{"start":{"line":78,"column":55},"end":{"line":88,"column":1}}},"4":{"name":"(anonymous_4)","decl":{"start":{"line":95,"column":31},"end":{"line":95,"column":32}},"loc":{"start":{"line":95,"column":52},"end":{"line":98,"column":1}}}},"branchMap":{"0":{"loc":{"start":{"line":23,"column":2},"end":{"line":25,"column":null}},"type":"if","locations":[{"start":{"line":23,"column":2},"end":{"line":25,"column":null}}]},"1":{"loc":{"start":{"line":23,"column":24},"end":{"line":23,"column":52}},"type":"binary-expr","locations":[{"start":{"line":23,"column":24},"end":{"line":23,"column":46}},{"start":{"line":23,"column":50},"end":{"line":23,"column":52}}]},"2":{"loc":{"start":{"line":41,"column":2},"end":{"line":43,"column":null}},"type":"if","locations":[{"start":{"line":41,"column":2},"end":{"line":43,"column":null}}]},"3":{"loc":{"start":{"line":41,"column":24},"end":{"line":41,"column":59}},"type":"binary-expr","locations":[{"start":{"line":41,"column":24},"end":{"line":41,"column":53}},{"start":{"line":41,"column":57},"end":{"line":41,"column":59}}]},"4":{"loc":{"start":{"line":66,"column":2},"end":{"line":68,"column":null}},"type":"if","locations":[{"start":{"line":66,"column":2},"end":{"line":68,"column":null}}]},"5":{"loc":{"start":{"line":66,"column":24},"end":{"line":66,"column":40}},"type":"binary-expr","locations":[{"start":{"line":66,"column":24},"end":{"line":66,"column":34}},{"start":{"line":66,"column":38},"end":{"line":66,"column":40}}]},"6":{"loc":{"start":{"line":79,"column":2},"end":{"line":87,"column":null}},"type":"if","locations":[{"start":{"line":79,"column":2},"end":{"line":87,"column":null}},{"start":{"line":85,"column":9},"end":{"line":87,"column":null}}]},"7":{"loc":{"start":{"line":79,"column":6},"end":{"line":79,"column":51}},"type":"binary-expr","locations":[{"start":{"line":79,"column":6},"end":{"line":79,"column":21}},{"start":{"line":79,"column":25},"end":{"line":79,"column":51}}]},"8":{"loc":{"start":{"line":80,"column":4},"end":{"line":84,"column":null}},"type":"if","locations":[{"start":{"line":80,"column":4},"end":{"line":84,"column":null}},{"start":{"line":82,"column":11},"end":{"line":84,"column":null}}]}},"s":{"0":3,"1":3,"2":0,"3":0,"4":3,"5":3,"6":0,"7":0,"8":3,"9":3,"10":11,"11":11,"12":2,"13":9,"14":4,"15":3,"16":3,"17":4,"18":4,"19":0,"20":4,"21":0,"22":3,"23":0,"24":0},"f":{"0":0,"1":0,"2":11,"3":4,"4":0},"b":{"0":[0],"1":[0,0],"2":[0],"3":[0,0],"4":[4],"5":[9,0],"6":[4,0],"7":[4,4],"8":[0,4]}}
}
