TN:
SF:src/consumers/consumer.controller.ts
FN:31,(anonymous_8)
FN:47,(anonymous_9)
FN:48,(anonymous_10)
FN:48,(anonymous_11)
FN:65,(anonymous_12)
FNF:5
FNH:5
FNDA:3,(anonymous_8)
FNDA:3,(anonymous_9)
FNDA:3,(anonymous_10)
FNDA:3,(anonymous_11)
FNDA:11,(anonymous_12)
DA:1,2
DA:2,2
DA:4,2
DA:7,2
DA:16,2
DA:23,2
DA:32,3
DA:33,3
DA:34,3
DA:35,3
DA:37,3
DA:38,1
DA:48,3
DA:49,3
DA:51,3
DA:52,3
DA:54,3
DA:55,3
DA:56,3
DA:57,2
DA:60,2
DA:61,1
DA:62,1
DA:63,2
DA:65,11
DA:74,1
DA:76,1
DA:99,2
LF:28
LH:28
BRDA:37,0,0,1
BRDA:57,1,0,2
BRDA:57,1,1,1
BRDA:60,2,0,1
BRDA:60,3,0,2
BRDA:60,3,1,1
BRF:6
BRH:6
end_of_record
TN:
SF:src/consumers/processors/demo.processor.ts
FN:8,(anonymous_7)
FN:12,(anonymous_8)
FNF:2
FNH:2
FNDA:1,(anonymous_7)
FNDA:1,(anonymous_8)
DA:2,1
DA:6,1
DA:9,1
DA:13,1
DA:15,1
LF:5
LH:5
BRF:0
BRH:0
end_of_record
TN:
SF:src/handlers/api.controller.ts
FN:23,(anonymous_14)
FN:32,(anonymous_15)
FN:33,(anonymous_16)
FN:33,(anonymous_17)
FN:80,(anonymous_18)
FN:82,(anonymous_19)
FN:89,(anonymous_20)
FN:97,(anonymous_21)
FN:98,(anonymous_22)
FNF:9
FNH:7
FNDA:2,(anonymous_14)
FNDA:2,(anonymous_15)
FNDA:6,(anonymous_16)
FNDA:6,(anonymous_17)
FNDA:6,(anonymous_18)
FNDA:6,(anonymous_19)
FNDA:6,(anonymous_20)
FNDA:0,(anonymous_21)
FNDA:0,(anonymous_22)
DA:1,2
DA:2,2
DA:3,2
DA:4,2
DA:5,2
DA:6,2
DA:7,2
DA:9,2
DA:11,2
DA:16,2
DA:24,2
DA:33,6
DA:34,6
DA:35,6
DA:36,6
DA:37,6
DA:38,6
DA:39,6
DA:41,6
DA:42,6
DA:43,3
DA:45,6
DA:46,6
DA:49,6
DA:50,6
DA:51,6
DA:53,6
DA:54,2
DA:60,4
DA:62,4
DA:67,4
DA:68,2
DA:69,2
DA:71,4
DA:81,6
DA:82,6
DA:90,6
DA:98,0
DA:100,0
DA:101,0
DA:103,0
LF:41
LH:37
BRDA:11,0,0,2
BRDA:11,0,1,2
BRDA:23,1,0,2
BRDA:38,2,0,6
BRDA:42,3,0,3
BRDA:45,4,0,6
BRDA:55,5,0,2
BRDA:55,5,1,0
BRDA:56,6,0,2
BRDA:56,6,1,0
BRDA:67,7,0,2
BRDA:81,8,0,6
BRDA:81,8,1,0
BRDA:100,9,0,0
BRF:14
BRH:10
end_of_record
TN:
SF:src/handlers/feedback.handler.ts
FN:14,(anonymous_7)
FN:14,(anonymous_8)
FNF:2
FNH:2
FNDA:6,(anonymous_7)
FNDA:6,(anonymous_8)
DA:1,2
DA:2,2
DA:3,2
DA:5,2
DA:7,2
DA:8,2
DA:14,6
DA:15,6
DA:17,4
DA:18,4
DA:19,4
DA:24,2
DA:31,2
LF:13
LH:13
BRDA:5,0,0,2
BRDA:5,0,1,2
BRF:2
BRH:2
end_of_record
TN:
SF:src/notifications/cognito/cognito.gateway.ts
FN:17,(anonymous_7)
FN:26,(anonymous_8)
FN:32,(anonymous_9)
FN:37,(anonymous_10)
FN:53,(anonymous_11)
FNF:5
FNH:4
FNDA:1,(anonymous_7)
FNDA:2,(anonymous_8)
FNDA:2,(anonymous_9)
FNDA:8,(anonymous_10)
FNDA:0,(anonymous_11)
DA:1,1
DA:3,1
DA:8,1
DA:18,1
DA:19,1
DA:27,2
DA:31,2
DA:33,2
DA:34,0
DA:37,2
DA:38,8
DA:39,8
DA:42,2
DA:44,2
DA:54,0
DA:55,0
DA:56,0
DA:57,0
DA:59,0
DA:60,0
DA:61,0
DA:62,0
DA:65,0
DA:68,0
LF:24
LH:13
BRDA:33,0,0,0
BRDA:53,1,0,0
BRDA:59,2,0,0
BRDA:59,2,1,0
BRDA:61,3,0,0
BRF:5
BRH:0
end_of_record
TN:
SF:src/notifications/email/email.gateway.ts
FN:14,(anonymous_0)
FN:27,(anonymous_1)
FNF:2
FNH:2
FNDA:1,(anonymous_0)
FNDA:1,(anonymous_1)
DA:4,1
DA:15,1
DA:16,1
DA:28,1
DA:31,1
DA:34,1
DA:55,1
LF:7
LH:7
BRF:0
BRH:0
end_of_record
TN:
SF:src/notifications/models/notification.ts
FN:1,(anonymous_0)
FNF:1
FNH:1
FNDA:1,(anonymous_0)
DA:1,1
DA:2,1
DA:3,1
LF:3
LH:3
BRDA:1,0,0,1
BRDA:1,0,1,1
BRF:2
BRH:2
end_of_record
TN:
SF:src/notifications/slack/slack.gateway.ts
FN:14,(anonymous_8)
FN:46,(anonymous_9)
FN:46,(anonymous_10)
FN:56,(anonymous_11)
FN:59,(anonymous_12)
FN:68,(anonymous_13)
FN:24,(anonymous_14)
FN:35,(anonymous_15)
FNF:8
FNH:7
FNDA:1,(anonymous_8)
FNDA:1,(anonymous_9)
FNDA:1,(anonymous_10)
FNDA:1,(anonymous_11)
FNDA:0,(anonymous_12)
FNDA:1,(anonymous_13)
FNDA:1,(anonymous_14)
FNDA:1,(anonymous_15)
DA:1,1
DA:2,1
DA:7,1
DA:9,1
DA:15,1
DA:16,1
DA:17,1
DA:25,1
DA:26,1
DA:27,0
DA:36,1
DA:37,1
DA:38,0
DA:46,1
DA:47,1
DA:48,1
DA:51,1
DA:52,1
DA:54,1
DA:57,1
DA:60,0
DA:68,1
DA:69,1
DA:70,1
LF:24
LH:21
BRDA:47,0,0,1
BRDA:52,1,0,1
BRDA:52,1,1,0
BRDA:60,2,0,0
BRDA:60,2,1,0
BRDA:60,3,0,0
BRDA:60,3,1,0
BRDA:60,4,0,0
BRDA:60,4,1,0
BRDA:25,5,0,1
BRDA:25,5,1,0
BRDA:36,6,0,1
BRDA:36,6,1,0
BRF:13
BRH:4
end_of_record
TN:
SF:src/tools/request.builder.ts
FN:14,(anonymous_0)
FN:32,(anonymous_1)
FN:62,(anonymous_2)
FNF:3
FNH:2
FNDA:8,(anonymous_0)
FNDA:0,(anonymous_1)
FNDA:8,(anonymous_2)
DA:14,2
DA:31,8
DA:32,0
DA:34,8
DA:38,8
DA:62,2
DA:63,8
LF:7
LH:6
BRDA:15,0,0,5
BRDA:16,1,0,5
BRDA:17,2,0,8
BRDA:18,3,0,8
BRDA:19,4,0,0
BRDA:20,5,0,8
BRDA:21,6,0,8
BRDA:31,7,0,0
BRDA:31,7,1,8
BRDA:35,8,0,0
BRDA:35,8,1,8
BRDA:55,9,0,1
BRDA:55,9,1,7
BRF:13
BRH:10
end_of_record
TN:
SF:src/utils/consumer.helpers.ts
FN:29,(anonymous_0)
FN:58,(anonymous_1)
FN:72,(anonymous_2)
FN:74,(anonymous_3)
FN:83,(anonymous_4)
FN:84,(anonymous_5)
FNF:6
FNH:6
FNDA:7,(anonymous_0)
FNDA:10,(anonymous_1)
FNDA:20,(anonymous_2)
FNDA:11,(anonymous_3)
FNDA:4,(anonymous_4)
FNDA:3,(anonymous_5)
DA:1,3
DA:29,3
DA:30,7
DA:32,4
DA:37,1
DA:43,1
DA:48,1
DA:58,3
DA:59,10
DA:60,10
DA:61,3
DA:63,7
DA:72,3
DA:73,20
DA:74,11
DA:83,3
DA:84,4
LF:17
LH:17
BRDA:30,0,0,4
BRDA:30,0,1,1
BRDA:30,0,2,1
BRDA:30,0,3,1
BRDA:60,1,0,3
BRDA:60,2,0,10
BRDA:60,2,1,7
BRDA:73,3,0,8
BRDA:73,3,1,12
BRDA:73,4,0,20
BRDA:73,4,1,10
BRDA:73,4,2,9
BRDA:74,5,0,8
BRDA:74,5,1,7
BRDA:84,6,0,4
BRDA:84,6,1,3
BRF:16
BRH:16
end_of_record
TN:
SF:src/validation/feedbacks.ts
FN:23,(anonymous_1)
FNF:1
FNH:1
FNDA:11,(anonymous_1)
DA:1,3
DA:2,3
DA:4,3
DA:5,3
DA:7,3
DA:8,3
DA:10,3
DA:23,3
DA:24,11
LF:9
LH:9
BRF:0
BRH:0
end_of_record
TN:
SF:src/validation/request.validation.ts
FN:16,(anonymous_0)
FN:34,(anonymous_1)
FN:52,(anonymous_2)
FN:78,(anonymous_3)
FN:95,(anonymous_4)
FNF:5
FNH:2
FNDA:0,(anonymous_0)
FNDA:0,(anonymous_1)
FNDA:11,(anonymous_2)
FNDA:4,(anonymous_3)
FNDA:0,(anonymous_4)
DA:3,3
DA:16,3
DA:23,0
DA:24,0
DA:34,3
DA:41,0
DA:42,0
DA:52,3
DA:60,11
DA:61,11
DA:63,2
DA:66,9
DA:67,4
DA:78,3
DA:79,4
DA:80,4
DA:81,0
DA:83,4
DA:86,0
DA:95,3
DA:96,0
DA:97,0
LF:22
LH:14
BRDA:23,0,0,0
BRDA:23,1,0,0
BRDA:23,1,1,0
BRDA:41,2,0,0
BRDA:41,3,0,0
BRDA:41,3,1,0
BRDA:66,4,0,4
BRDA:66,5,0,9
BRDA:66,5,1,0
BRDA:79,6,0,4
BRDA:79,6,1,0
BRDA:79,7,0,4
BRDA:79,7,1,4
BRDA:80,8,0,0
BRDA:80,8,1,4
BRF:15
BRH:6
end_of_record
