<?xml version="1.0" encoding="UTF-8"?>
<coverage generated="1650556602782" clover="3.2.0">
  <project timestamp="1650556602783" name="All files">
    <metrics statements="193" coveredstatements="142" conditionals="137" coveredconditionals="82" methods="75" coveredmethods="47" elements="405" coveredelements="271" complexity="0" loc="193" ncloc="193" packages="1" files="4" classes="4"/>
    <file name="demo.model.js" path="/Users/houes/Documents/Git/opensource/blueprint-cdk/blueprint-cdk-back-service/packages/data-models/lib/models/demo.model.js">
      <metrics statements="113" coveredstatements="90" conditionals="92" coveredconditionals="59" methods="46" coveredmethods="34"/>
      <line num="2" count="1" type="cond" truecount="3" falsecount="0"/>
      <line num="3" count="17" type="cond" truecount="1" falsecount="1"/>
      <line num="4" count="16" type="cond" truecount="2" falsecount="0"/>
      <line num="5" count="11" type="stmt"/>
      <line num="6" count="6" type="stmt"/>
      <line num="7" count="25" type="cond" truecount="2" falsecount="0"/>
      <line num="8" count="16" type="cond" truecount="2" falsecount="0"/>
      <line num="11" count="1" type="cond" truecount="3" falsecount="0"/>
      <line num="12" count="8" type="stmt"/>
      <line num="13" count="56" type="cond" truecount="3" falsecount="1"/>
      <line num="14" count="56" type="stmt"/>
      <line num="15" count="8" type="cond" truecount="3" falsecount="1"/>
      <line num="16" count="8" type="stmt"/>
      <line num="17" count="0" type="cond" truecount="0" falsecount="4"/>
      <line num="18" count="0" type="stmt"/>
      <line num="20" count="8" type="stmt"/>
      <line num="22" count="1" type="cond" truecount="3" falsecount="0"/>
      <line num="23" count="3" type="cond" truecount="4" falsecount="0"/>
      <line num="25" count="1" type="stmt"/>
      <line num="26" count="1" type="stmt"/>
      <line num="27" count="1" type="stmt"/>
      <line num="28" count="1" type="stmt"/>
      <line num="29" count="1" type="stmt"/>
      <line num="30" count="1" type="stmt"/>
      <line num="31" count="1" type="stmt"/>
      <line num="32" count="1" type="stmt"/>
      <line num="33" count="1" type="stmt"/>
      <line num="34" count="1" type="stmt"/>
      <line num="35" count="1" type="stmt"/>
      <line num="36" count="1" type="stmt"/>
      <line num="37" count="1" type="stmt"/>
      <line num="38" count="1" type="stmt"/>
      <line num="40" count="1" type="stmt"/>
      <line num="41" count="1" type="stmt"/>
      <line num="42" count="1" type="stmt"/>
      <line num="43" count="1" type="stmt"/>
      <line num="44" count="1" type="stmt"/>
      <line num="56" count="20" type="stmt"/>
      <line num="57" count="20" type="stmt"/>
      <line num="66" count="50" type="stmt"/>
      <line num="75" count="9" type="stmt"/>
      <line num="83" count="9" type="stmt"/>
      <line num="90" count="9" type="cond" truecount="2" falsecount="0"/>
      <line num="91" count="3" type="stmt"/>
      <line num="93" count="6" type="stmt"/>
      <line num="103" count="2" type="stmt"/>
      <line num="120" count="0" type="stmt"/>
      <line num="121" count="0" type="stmt"/>
      <line num="122" count="0" type="stmt"/>
      <line num="131" count="0" type="stmt"/>
      <line num="132" count="0" type="stmt"/>
      <line num="133" count="0" type="stmt"/>
      <line num="142" count="2" type="cond" truecount="3" falsecount="1"/>
      <line num="143" count="0" type="stmt"/>
      <line num="144" count="0" type="cond" truecount="0" falsecount="6"/>
      <line num="146" count="2" type="cond" truecount="1" falsecount="1"/>
      <line num="147" count="2" type="stmt"/>
      <line num="148" count="2" type="cond" truecount="6" falsecount="0"/>
      <line num="151" count="0" type="stmt"/>
      <line num="154" count="0" type="cond" truecount="0" falsecount="6"/>
      <line num="161" count="1" type="stmt"/>
      <line num="170" count="1" type="cond" truecount="4" falsecount="2"/>
      <line num="180" count="5" type="stmt"/>
      <line num="181" count="5" type="stmt"/>
      <line num="182" count="5" type="stmt"/>
      <line num="183" count="5" type="stmt"/>
      <line num="184" count="5" type="stmt"/>
      <line num="185" count="4" type="stmt"/>
      <line num="186" count="4" type="stmt"/>
      <line num="187" count="2" type="stmt"/>
      <line num="190" count="2" type="cond" truecount="5" falsecount="0"/>
      <line num="191" count="1" type="stmt"/>
      <line num="192" count="1" type="stmt"/>
      <line num="195" count="1" type="stmt"/>
      <line num="206" count="3" type="stmt"/>
      <line num="207" count="3" type="stmt"/>
      <line num="208" count="3" type="stmt"/>
      <line num="209" count="2" type="stmt"/>
      <line num="210" count="2" type="stmt"/>
      <line num="211" count="1" type="stmt"/>
      <line num="212" count="1" type="stmt"/>
      <line num="213" count="1" type="stmt"/>
      <line num="216" count="0" type="cond" truecount="0" falsecount="4"/>
      <line num="217" count="0" type="stmt"/>
      <line num="220" count="0" type="stmt"/>
      <line num="231" count="3" type="stmt"/>
      <line num="232" count="3" type="stmt"/>
      <line num="233" count="3" type="stmt"/>
      <line num="234" count="2" type="stmt"/>
      <line num="235" count="2" type="stmt"/>
      <line num="236" count="1" type="stmt"/>
      <line num="237" count="1" type="stmt"/>
      <line num="256" count="1" type="stmt"/>
      <line num="259" count="0" type="cond" truecount="0" falsecount="4"/>
      <line num="260" count="0" type="stmt"/>
      <line num="263" count="0" type="stmt"/>
      <line num="273" count="2" type="stmt"/>
      <line num="279" count="1" type="cond" truecount="1" falsecount="1"/>
      <line num="280" count="1" type="stmt"/>
      <line num="283" count="0" type="stmt"/>
      <line num="294" count="5" type="stmt"/>
      <line num="295" count="5" type="stmt"/>
      <line num="322" count="12" type="stmt"/>
      <line num="331" count="8" type="stmt"/>
      <line num="332" count="8" type="stmt"/>
      <line num="340" count="3" type="cond" truecount="2" falsecount="0"/>
      <line num="341" count="1" type="stmt"/>
      <line num="344" count="2" type="cond" truecount="2" falsecount="1"/>
      <line num="354" count="0" type="stmt"/>
      <line num="355" count="0" type="stmt"/>
      <line num="358" count="0" type="stmt"/>
      <line num="360" count="0" type="stmt"/>
      <line num="363" count="1" type="stmt"/>
    </file>
    <file name="errors.js" path="/Users/houes/Documents/Git/opensource/blueprint-cdk/blueprint-cdk-back-service/packages/data-models/lib/models/errors.js">
      <metrics statements="20" coveredstatements="17" conditionals="1" coveredconditionals="0" methods="4" coveredmethods="3"/>
      <line num="2" count="2" type="stmt"/>
      <line num="3" count="2" type="stmt"/>
      <line num="13" count="12" type="stmt"/>
      <line num="14" count="12" type="stmt"/>
      <line num="15" count="12" type="stmt"/>
      <line num="16" count="12" type="stmt"/>
      <line num="19" count="2" type="stmt"/>
      <line num="29" count="4" type="stmt"/>
      <line num="30" count="4" type="stmt"/>
      <line num="31" count="4" type="stmt"/>
      <line num="32" count="4" type="stmt"/>
      <line num="35" count="2" type="stmt"/>
      <line num="45" count="8" type="stmt"/>
      <line num="46" count="8" type="stmt"/>
      <line num="47" count="8" type="stmt"/>
      <line num="50" count="2" type="stmt"/>
      <line num="60" count="0" type="stmt"/>
      <line num="61" count="0" type="stmt"/>
      <line num="62" count="0" type="stmt"/>
      <line num="65" count="2" type="stmt"/>
    </file>
    <file name="feedback.model.js" path="/Users/houes/Documents/Git/opensource/blueprint-cdk/blueprint-cdk-back-service/packages/data-models/lib/models/feedback.model.js">
      <metrics statements="32" coveredstatements="29" conditionals="25" coveredconditionals="20" methods="13" coveredmethods="9"/>
      <line num="2" count="1" type="cond" truecount="3" falsecount="0"/>
      <line num="3" count="0" type="cond" truecount="0" falsecount="2"/>
      <line num="4" count="1" type="cond" truecount="2" falsecount="0"/>
      <line num="5" count="0" type="stmt"/>
      <line num="6" count="0" type="stmt"/>
      <line num="7" count="1" type="cond" truecount="1" falsecount="1"/>
      <line num="8" count="1" type="cond" truecount="2" falsecount="0"/>
      <line num="11" count="1" type="cond" truecount="3" falsecount="0"/>
      <line num="12" count="4" type="cond" truecount="4" falsecount="0"/>
      <line num="14" count="1" type="stmt"/>
      <line num="15" count="1" type="stmt"/>
      <line num="16" count="1" type="stmt"/>
      <line num="17" count="1" type="stmt"/>
      <line num="18" count="1" type="stmt"/>
      <line num="19" count="1" type="stmt"/>
      <line num="20" count="1" type="stmt"/>
      <line num="21" count="1" type="stmt"/>
      <line num="22" count="1" type="stmt"/>
      <line num="33" count="2" type="stmt"/>
      <line num="34" count="2" type="stmt"/>
      <line num="35" count="2" type="stmt"/>
      <line num="42" count="1" type="stmt"/>
      <line num="43" count="1" type="stmt"/>
      <line num="44" count="1" type="stmt"/>
      <line num="48" count="1" type="stmt"/>
      <line num="59" count="4" type="stmt"/>
      <line num="60" count="4" type="stmt"/>
      <line num="63" count="1" type="stmt"/>
      <line num="65" count="3" type="cond" truecount="2" falsecount="0"/>
      <line num="66" count="1" type="stmt"/>
      <line num="69" count="2" type="cond" truecount="2" falsecount="1"/>
      <line num="73" count="1" type="stmt"/>
    </file>
    <file name="generic.model.js" path="/Users/houes/Documents/Git/opensource/blueprint-cdk/blueprint-cdk-back-service/packages/data-models/lib/models/generic.model.js">
      <metrics statements="28" coveredstatements="6" conditionals="19" coveredconditionals="3" methods="12" coveredmethods="1"/>
      <line num="2" count="1" type="cond" truecount="3" falsecount="0"/>
      <line num="3" count="0" type="cond" truecount="0" falsecount="2"/>
      <line num="4" count="0" type="cond" truecount="0" falsecount="2"/>
      <line num="5" count="0" type="stmt"/>
      <line num="6" count="0" type="stmt"/>
      <line num="7" count="0" type="cond" truecount="0" falsecount="2"/>
      <line num="8" count="0" type="cond" truecount="0" falsecount="2"/>
      <line num="11" count="1" type="stmt"/>
      <line num="12" count="1" type="stmt"/>
      <line num="23" count="20" type="stmt"/>
      <line num="24" count="20" type="stmt"/>
      <line num="33" count="0" type="stmt"/>
      <line num="34" count="0" type="stmt"/>
      <line num="35" count="0" type="stmt"/>
      <line num="36" count="0" type="stmt"/>
      <line num="37" count="0" type="cond" truecount="0" falsecount="2"/>
      <line num="38" count="0" type="cond" truecount="0" falsecount="2"/>
      <line num="39" count="0" type="stmt"/>
      <line num="42" count="0" type="stmt"/>
      <line num="52" count="0" type="stmt"/>
      <line num="53" count="0" type="stmt"/>
      <line num="54" count="0" type="stmt"/>
      <line num="55" count="0" type="stmt"/>
      <line num="56" count="0" type="cond" truecount="0" falsecount="2"/>
      <line num="57" count="0" type="cond" truecount="0" falsecount="2"/>
      <line num="58" count="0" type="stmt"/>
      <line num="61" count="0" type="stmt"/>
      <line num="65" count="1" type="stmt"/>
    </file>
  </project>
</coverage>
