{"/Users/houes/Documents/Git/opensource/blueprint-cdk/blueprint-cdk-back-service/packages/data-models/lib/models/demo.model.js": {"path":"/Users/houes/Documents/Git/opensource/blueprint-cdk/blueprint-cdk-back-service/packages/data-models/lib/models/demo.model.js","statementMap":{"0":{"start":{"line":2,"column":16},"end":{"line":10,"column":1}},"1":{"start":{"line":3,"column":28},"end":{"line":3,"column":110}},"2":{"start":{"line":3,"column":91},"end":{"line":3,"column":106}},"3":{"start":{"line":4,"column":4},"end":{"line":9,"column":7}},"4":{"start":{"line":5,"column":36},"end":{"line":5,"column":97}},"5":{"start":{"line":5,"column":42},"end":{"line":5,"column":70}},"6":{"start":{"line":5,"column":85},"end":{"line":5,"column":95}},"7":{"start":{"line":6,"column":35},"end":{"line":6,"column":100}},"8":{"start":{"line":6,"column":41},"end":{"line":6,"column":73}},"9":{"start":{"line":6,"column":88},"end":{"line":6,"column":98}},"10":{"start":{"line":7,"column":32},"end":{"line":7,"column":116}},"11":{"start":{"line":8,"column":8},"end":{"line":8,"column":78}},"12":{"start":{"line":11,"column":13},"end":{"line":21,"column":1}},"13":{"start":{"line":12,"column":12},"end":{"line":12,"column":14}},"14":{"start":{"line":13,"column":4},"end":{"line":14,"column":20}},"15":{"start":{"line":13,"column":21},"end":{"line":14,"column":20}},"16":{"start":{"line":14,"column":8},"end":{"line":14,"column":20}},"17":{"start":{"line":15,"column":4},"end":{"line":19,"column":9}},"18":{"start":{"line":16,"column":8},"end":{"line":19,"column":9}},"19":{"start":{"line":16,"column":21},"end":{"line":16,"column":22}},"20":{"start":{"line":16,"column":28},"end":{"line":16,"column":59}},"21":{"start":{"line":17,"column":12},"end":{"line":18,"column":34}},"22":{"start":{"line":18,"column":16},"end":{"line":18,"column":34}},"23":{"start":{"line":20,"column":4},"end":{"line":20,"column":13}},"24":{"start":{"line":22,"column":22},"end":{"line":24,"column":1}},"25":{"start":{"line":23,"column":4},"end":{"line":23,"column":62}},"26":{"start":{"line":25,"column":0},"end":{"line":25,"column":62}},"27":{"start":{"line":26,"column":0},"end":{"line":26,"column":48}},"28":{"start":{"line":27,"column":14},"end":{"line":27,"column":45}},"29":{"start":{"line":28,"column":22},"end":{"line":28,"column":61}},"30":{"start":{"line":29,"column":17},"end":{"line":29,"column":36}},"31":{"start":{"line":30,"column":27},"end":{"line":30,"column":82}},"32":{"start":{"line":31,"column":19},"end":{"line":31,"column":54}},"33":{"start":{"line":32,"column":15},"end":{"line":32,"column":30}},"34":{"start":{"line":33,"column":24},"end":{"line":33,"column":50}},"35":{"start":{"line":34,"column":17},"end":{"line":34,"column":26}},"36":{"start":{"line":35,"column":26},"end":{"line":35,"column":43}},"37":{"start":{"line":36,"column":19},"end":{"line":36,"column":30}},"38":{"start":{"line":37,"column":12},"end":{"line":37,"column":31}},"39":{"start":{"line":38,"column":0},"end":{"line":38,"column":32}},"40":{"start":{"line":40,"column":0},"end":{"line":45,"column":65}},"41":{"start":{"line":41,"column":4},"end":{"line":41,"column":38}},"42":{"start":{"line":42,"column":4},"end":{"line":42,"column":59}},"43":{"start":{"line":43,"column":4},"end":{"line":43,"column":42}},"44":{"start":{"line":44,"column":4},"end":{"line":44,"column":38}},"45":{"start":{"line":56,"column":8},"end":{"line":56,"column":29}},"46":{"start":{"line":57,"column":8},"end":{"line":57,"column":70}},"47":{"start":{"line":66,"column":8},"end":{"line":66,"column":35}},"48":{"start":{"line":75,"column":8},"end":{"line":75,"column":70}},"49":{"start":{"line":83,"column":8},"end":{"line":94,"column":11}},"50":{"start":{"line":90,"column":12},"end":{"line":92,"column":13}},"51":{"start":{"line":91,"column":16},"end":{"line":91,"column":86}},"52":{"start":{"line":93,"column":12},"end":{"line":93,"column":50}},"53":{"start":{"line":103,"column":8},"end":{"line":112,"column":10}},"54":{"start":{"line":120,"column":8},"end":{"line":123,"column":11}},"55":{"start":{"line":121,"column":34},"end":{"line":121,"column":72}},"56":{"start":{"line":122,"column":12},"end":{"line":122,"column":72}},"57":{"start":{"line":122,"column":45},"end":{"line":122,"column":70}},"58":{"start":{"line":131,"column":8},"end":{"line":134,"column":11}},"59":{"start":{"line":132,"column":34},"end":{"line":132,"column":71}},"60":{"start":{"line":133,"column":12},"end":{"line":133,"column":72}},"61":{"start":{"line":133,"column":45},"end":{"line":133,"column":70}},"62":{"start":{"line":142,"column":8},"end":{"line":145,"column":9}},"63":{"start":{"line":143,"column":12},"end":{"line":144,"column":162}},"64":{"start":{"line":144,"column":42},"end":{"line":144,"column":158}},"65":{"start":{"line":144,"column":123},"end":{"line":144,"column":148}},"66":{"start":{"line":146,"column":8},"end":{"line":149,"column":9}},"67":{"start":{"line":147,"column":12},"end":{"line":148,"column":162}},"68":{"start":{"line":148,"column":42},"end":{"line":148,"column":158}},"69":{"start":{"line":148,"column":123},"end":{"line":148,"column":148}},"70":{"start":{"line":151,"column":8},"end":{"line":154,"column":158}},"71":{"start":{"line":154,"column":38},"end":{"line":154,"column":154}},"72":{"start":{"line":154,"column":119},"end":{"line":154,"column":144}},"73":{"start":{"line":161,"column":8},"end":{"line":170,"column":158}},"74":{"start":{"line":170,"column":38},"end":{"line":170,"column":154}},"75":{"start":{"line":170,"column":119},"end":{"line":170,"column":144}},"76":{"start":{"line":180,"column":8},"end":{"line":198,"column":11}},"77":{"start":{"line":181,"column":32},"end":{"line":181,"column":56}},"78":{"start":{"line":182,"column":23},"end":{"line":182,"column":39}},"79":{"start":{"line":183,"column":25},"end":{"line":183,"column":209}},"80":{"start":{"line":184,"column":12},"end":{"line":184,"column":32}},"81":{"start":{"line":185,"column":12},"end":{"line":197,"column":13}},"82":{"start":{"line":186,"column":16},"end":{"line":186,"column":38}},"83":{"start":{"line":187,"column":16},"end":{"line":187,"column":28}},"84":{"start":{"line":190,"column":16},"end":{"line":196,"column":17}},"85":{"start":{"line":191,"column":20},"end":{"line":191,"column":108}},"86":{"start":{"line":192,"column":20},"end":{"line":192,"column":61}},"87":{"start":{"line":195,"column":20},"end":{"line":195,"column":30}},"88":{"start":{"line":206,"column":8},"end":{"line":223,"column":11}},"89":{"start":{"line":207,"column":27},"end":{"line":207,"column":31}},"90":{"start":{"line":208,"column":27},"end":{"line":208,"column":45}},"91":{"start":{"line":209,"column":32},"end":{"line":209,"column":179}},"92":{"start":{"line":210,"column":12},"end":{"line":210,"column":39}},"93":{"start":{"line":211,"column":12},"end":{"line":222,"column":13}},"94":{"start":{"line":212,"column":16},"end":{"line":212,"column":45}},"95":{"start":{"line":213,"column":16},"end":{"line":213,"column":35}},"96":{"start":{"line":216,"column":16},"end":{"line":221,"column":17}},"97":{"start":{"line":217,"column":20},"end":{"line":217,"column":130}},"98":{"start":{"line":220,"column":20},"end":{"line":220,"column":30}},"99":{"start":{"line":231,"column":8},"end":{"line":266,"column":11}},"100":{"start":{"line":232,"column":27},"end":{"line":232,"column":31}},"101":{"start":{"line":233,"column":27},"end":{"line":233,"column":45}},"102":{"start":{"line":234,"column":32},"end":{"line":234,"column":181}},"103":{"start":{"line":235,"column":12},"end":{"line":235,"column":39}},"104":{"start":{"line":236,"column":12},"end":{"line":265,"column":13}},"105":{"start":{"line":237,"column":16},"end":{"line":255,"column":29}},"106":{"start":{"line":256,"column":16},"end":{"line":256,"column":35}},"107":{"start":{"line":259,"column":16},"end":{"line":264,"column":17}},"108":{"start":{"line":260,"column":20},"end":{"line":260,"column":130}},"109":{"start":{"line":263,"column":20},"end":{"line":263,"column":30}},"110":{"start":{"line":273,"column":8},"end":{"line":285,"column":11}},"111":{"start":{"line":279,"column":12},"end":{"line":284,"column":13}},"112":{"start":{"line":280,"column":16},"end":{"line":280,"column":96}},"113":{"start":{"line":283,"column":16},"end":{"line":283,"column":26}},"114":{"start":{"line":294,"column":8},"end":{"line":314,"column":11}},"115":{"start":{"line":295,"column":12},"end":{"line":313,"column":25}},"116":{"start":{"line":322,"column":8},"end":{"line":322,"column":110}},"117":{"start":{"line":331,"column":34},"end":{"line":331,"column":38}},"118":{"start":{"line":331,"column":47},"end":{"line":331,"column":78}},"119":{"start":{"line":332,"column":8},"end":{"line":332,"column":20}},"120":{"start":{"line":340,"column":8},"end":{"line":345,"column":9}},"121":{"start":{"line":341,"column":12},"end":{"line":341,"column":24}},"122":{"start":{"line":344,"column":12},"end":{"line":344,"column":138}},"123":{"start":{"line":354,"column":8},"end":{"line":359,"column":9}},"124":{"start":{"line":355,"column":12},"end":{"line":355,"column":36}},"125":{"start":{"line":358,"column":12},"end":{"line":358,"column":63}},"126":{"start":{"line":360,"column":8},"end":{"line":360,"column":20}},"127":{"start":{"line":363,"column":0},"end":{"line":363,"column":30}}},"fnMap":{"0":{"name":"(anonymous_0)","decl":{"start":{"line":2,"column":44},"end":{"line":2,"column":45}},"loc":{"start":{"line":2,"column":89},"end":{"line":10,"column":1}},"line":2},"1":{"name":"adopt","decl":{"start":{"line":3,"column":13},"end":{"line":3,"column":18}},"loc":{"start":{"line":3,"column":26},"end":{"line":3,"column":112}},"line":3},"2":{"name":"(anonymous_2)","decl":{"start":{"line":3,"column":70},"end":{"line":3,"column":71}},"loc":{"start":{"line":3,"column":89},"end":{"line":3,"column":108}},"line":3},"3":{"name":"(anonymous_3)","decl":{"start":{"line":4,"column":36},"end":{"line":4,"column":37}},"loc":{"start":{"line":4,"column":63},"end":{"line":9,"column":5}},"line":4},"4":{"name":"fulfilled","decl":{"start":{"line":5,"column":17},"end":{"line":5,"column":26}},"loc":{"start":{"line":5,"column":34},"end":{"line":5,"column":99}},"line":5},"5":{"name":"rejected","decl":{"start":{"line":6,"column":17},"end":{"line":6,"column":25}},"loc":{"start":{"line":6,"column":33},"end":{"line":6,"column":102}},"line":6},"6":{"name":"step","decl":{"start":{"line":7,"column":17},"end":{"line":7,"column":21}},"loc":{"start":{"line":7,"column":30},"end":{"line":7,"column":118}},"line":7},"7":{"name":"(anonymous_7)","decl":{"start":{"line":11,"column":38},"end":{"line":11,"column":39}},"loc":{"start":{"line":11,"column":54},"end":{"line":21,"column":1}},"line":11},"8":{"name":"(anonymous_8)","decl":{"start":{"line":22,"column":56},"end":{"line":22,"column":57}},"loc":{"start":{"line":22,"column":71},"end":{"line":24,"column":1}},"line":22},"9":{"name":"(anonymous_9)","decl":{"start":{"line":40,"column":1},"end":{"line":40,"column":2}},"loc":{"start":{"line":40,"column":23},"end":{"line":45,"column":1}},"line":40},"10":{"name":"(anonymous_10)","decl":{"start":{"line":55,"column":4},"end":{"line":55,"column":5}},"loc":{"start":{"line":55,"column":65},"end":{"line":58,"column":5}},"line":55},"11":{"name":"(anonymous_11)","decl":{"start":{"line":65,"column":4},"end":{"line":65,"column":5}},"loc":{"start":{"line":65,"column":40},"end":{"line":67,"column":5}},"line":65},"12":{"name":"(anonymous_12)","decl":{"start":{"line":74,"column":4},"end":{"line":74,"column":5}},"loc":{"start":{"line":74,"column":25},"end":{"line":76,"column":5}},"line":74},"13":{"name":"(anonymous_13)","decl":{"start":{"line":82,"column":4},"end":{"line":82,"column":5}},"loc":{"start":{"line":82,"column":28},"end":{"line":95,"column":5}},"line":82},"14":{"name":"(anonymous_14)","decl":{"start":{"line":89,"column":18},"end":{"line":89,"column":19}},"loc":{"start":{"line":89,"column":28},"end":{"line":94,"column":9}},"line":89},"15":{"name":"(anonymous_15)","decl":{"start":{"line":102,"column":4},"end":{"line":102,"column":5}},"loc":{"start":{"line":102,"column":40},"end":{"line":113,"column":5}},"line":102},"16":{"name":"(anonymous_16)","decl":{"start":{"line":119,"column":4},"end":{"line":119,"column":5}},"loc":{"start":{"line":119,"column":18},"end":{"line":124,"column":5}},"line":119},"17":{"name":"(anonymous_17)","decl":{"start":{"line":120,"column":47},"end":{"line":120,"column":48}},"loc":{"start":{"line":120,"column":60},"end":{"line":123,"column":9}},"line":120},"18":{"name":"(anonymous_18)","decl":{"start":{"line":122,"column":37},"end":{"line":122,"column":38}},"loc":{"start":{"line":122,"column":45},"end":{"line":122,"column":70}},"line":122},"19":{"name":"(anonymous_19)","decl":{"start":{"line":130,"column":4},"end":{"line":130,"column":5}},"loc":{"start":{"line":130,"column":17},"end":{"line":135,"column":5}},"line":130},"20":{"name":"(anonymous_20)","decl":{"start":{"line":131,"column":47},"end":{"line":131,"column":48}},"loc":{"start":{"line":131,"column":60},"end":{"line":134,"column":9}},"line":131},"21":{"name":"(anonymous_21)","decl":{"start":{"line":133,"column":37},"end":{"line":133,"column":38}},"loc":{"start":{"line":133,"column":45},"end":{"line":133,"column":70}},"line":133},"22":{"name":"(anonymous_22)","decl":{"start":{"line":140,"column":4},"end":{"line":140,"column":5}},"loc":{"start":{"line":140,"column":31},"end":{"line":155,"column":5}},"line":140},"23":{"name":"(anonymous_23)","decl":{"start":{"line":144,"column":22},"end":{"line":144,"column":23}},"loc":{"start":{"line":144,"column":32},"end":{"line":144,"column":160}},"line":144},"24":{"name":"(anonymous_24)","decl":{"start":{"line":144,"column":113},"end":{"line":144,"column":114}},"loc":{"start":{"line":144,"column":123},"end":{"line":144,"column":148}},"line":144},"25":{"name":"(anonymous_25)","decl":{"start":{"line":148,"column":22},"end":{"line":148,"column":23}},"loc":{"start":{"line":148,"column":32},"end":{"line":148,"column":160}},"line":148},"26":{"name":"(anonymous_26)","decl":{"start":{"line":148,"column":113},"end":{"line":148,"column":114}},"loc":{"start":{"line":148,"column":123},"end":{"line":148,"column":148}},"line":148},"27":{"name":"(anonymous_27)","decl":{"start":{"line":154,"column":18},"end":{"line":154,"column":19}},"loc":{"start":{"line":154,"column":28},"end":{"line":154,"column":156}},"line":154},"28":{"name":"(anonymous_28)","decl":{"start":{"line":154,"column":109},"end":{"line":154,"column":110}},"loc":{"start":{"line":154,"column":119},"end":{"line":154,"column":144}},"line":154},"29":{"name":"(anonymous_29)","decl":{"start":{"line":160,"column":4},"end":{"line":160,"column":5}},"loc":{"start":{"line":160,"column":19},"end":{"line":171,"column":5}},"line":160},"30":{"name":"(anonymous_30)","decl":{"start":{"line":170,"column":18},"end":{"line":170,"column":19}},"loc":{"start":{"line":170,"column":28},"end":{"line":170,"column":156}},"line":170},"31":{"name":"(anonymous_31)","decl":{"start":{"line":170,"column":109},"end":{"line":170,"column":110}},"loc":{"start":{"line":170,"column":119},"end":{"line":170,"column":144}},"line":170},"32":{"name":"(anonymous_32)","decl":{"start":{"line":179,"column":4},"end":{"line":179,"column":5}},"loc":{"start":{"line":179,"column":33},"end":{"line":199,"column":5}},"line":179},"33":{"name":"(anonymous_33)","decl":{"start":{"line":180,"column":47},"end":{"line":180,"column":48}},"loc":{"start":{"line":180,"column":60},"end":{"line":198,"column":9}},"line":180},"34":{"name":"(anonymous_34)","decl":{"start":{"line":205,"column":4},"end":{"line":205,"column":5}},"loc":{"start":{"line":205,"column":17},"end":{"line":224,"column":5}},"line":205},"35":{"name":"(anonymous_35)","decl":{"start":{"line":206,"column":47},"end":{"line":206,"column":48}},"loc":{"start":{"line":206,"column":60},"end":{"line":223,"column":9}},"line":206},"36":{"name":"(anonymous_36)","decl":{"start":{"line":230,"column":4},"end":{"line":230,"column":5}},"loc":{"start":{"line":230,"column":25},"end":{"line":267,"column":5}},"line":230},"37":{"name":"(anonymous_37)","decl":{"start":{"line":231,"column":47},"end":{"line":231,"column":48}},"loc":{"start":{"line":231,"column":60},"end":{"line":266,"column":9}},"line":231},"38":{"name":"(anonymous_38)","decl":{"start":{"line":272,"column":4},"end":{"line":272,"column":5}},"loc":{"start":{"line":272,"column":28},"end":{"line":286,"column":5}},"line":272},"39":{"name":"(anonymous_39)","decl":{"start":{"line":278,"column":19},"end":{"line":278,"column":20}},"loc":{"start":{"line":278,"column":28},"end":{"line":285,"column":9}},"line":278},"40":{"name":"(anonymous_40)","decl":{"start":{"line":293,"column":4},"end":{"line":293,"column":5}},"loc":{"start":{"line":293,"column":15},"end":{"line":315,"column":5}},"line":293},"41":{"name":"(anonymous_41)","decl":{"start":{"line":294,"column":47},"end":{"line":294,"column":48}},"loc":{"start":{"line":294,"column":60},"end":{"line":314,"column":9}},"line":294},"42":{"name":"(anonymous_42)","decl":{"start":{"line":321,"column":4},"end":{"line":321,"column":5}},"loc":{"start":{"line":321,"column":25},"end":{"line":323,"column":5}},"line":321},"43":{"name":"(anonymous_43)","decl":{"start":{"line":329,"column":4},"end":{"line":329,"column":5}},"loc":{"start":{"line":329,"column":27},"end":{"line":333,"column":5}},"line":329},"44":{"name":"(anonymous_44)","decl":{"start":{"line":339,"column":4},"end":{"line":339,"column":5}},"loc":{"start":{"line":339,"column":19},"end":{"line":346,"column":5}},"line":339},"45":{"name":"(anonymous_45)","decl":{"start":{"line":352,"column":4},"end":{"line":352,"column":5}},"loc":{"start":{"line":352,"column":16},"end":{"line":361,"column":5}},"line":352}},"branchMap":{"0":{"loc":{"start":{"line":2,"column":16},"end":{"line":10,"column":1}},"type":"binary-expr","locations":[{"start":{"line":2,"column":17},"end":{"line":2,"column":21}},{"start":{"line":2,"column":25},"end":{"line":2,"column":39}},{"start":{"line":2,"column":44},"end":{"line":10,"column":1}}],"line":2},"1":{"loc":{"start":{"line":3,"column":35},"end":{"line":3,"column":109}},"type":"cond-expr","locations":[{"start":{"line":3,"column":56},"end":{"line":3,"column":61}},{"start":{"line":3,"column":64},"end":{"line":3,"column":109}}],"line":3},"2":{"loc":{"start":{"line":4,"column":16},"end":{"line":4,"column":34}},"type":"binary-expr","locations":[{"start":{"line":4,"column":16},"end":{"line":4,"column":17}},{"start":{"line":4,"column":22},"end":{"line":4,"column":33}}],"line":4},"3":{"loc":{"start":{"line":7,"column":32},"end":{"line":7,"column":115}},"type":"cond-expr","locations":[{"start":{"line":7,"column":46},"end":{"line":7,"column":67}},{"start":{"line":7,"column":70},"end":{"line":7,"column":115}}],"line":7},"4":{"loc":{"start":{"line":8,"column":51},"end":{"line":8,"column":67}},"type":"binary-expr","locations":[{"start":{"line":8,"column":51},"end":{"line":8,"column":61}},{"start":{"line":8,"column":65},"end":{"line":8,"column":67}}],"line":8},"5":{"loc":{"start":{"line":11,"column":13},"end":{"line":21,"column":1}},"type":"binary-expr","locations":[{"start":{"line":11,"column":14},"end":{"line":11,"column":18}},{"start":{"line":11,"column":22},"end":{"line":11,"column":33}},{"start":{"line":11,"column":38},"end":{"line":21,"column":1}}],"line":11},"6":{"loc":{"start":{"line":13,"column":21},"end":{"line":14,"column":20}},"type":"if","locations":[{"start":{"line":13,"column":21},"end":{"line":14,"column":20}},{"start":{},"end":{}}],"line":13},"7":{"loc":{"start":{"line":13,"column":25},"end":{"line":13,"column":87}},"type":"binary-expr","locations":[{"start":{"line":13,"column":25},"end":{"line":13,"column":67}},{"start":{"line":13,"column":71},"end":{"line":13,"column":87}}],"line":13},"8":{"loc":{"start":{"line":15,"column":4},"end":{"line":19,"column":9}},"type":"if","locations":[{"start":{"line":15,"column":4},"end":{"line":19,"column":9}},{"start":{},"end":{}}],"line":15},"9":{"loc":{"start":{"line":15,"column":8},"end":{"line":15,"column":71}},"type":"binary-expr","locations":[{"start":{"line":15,"column":8},"end":{"line":15,"column":17}},{"start":{"line":15,"column":21},"end":{"line":15,"column":71}}],"line":15},"10":{"loc":{"start":{"line":17,"column":12},"end":{"line":18,"column":34}},"type":"if","locations":[{"start":{"line":17,"column":12},"end":{"line":18,"column":34}},{"start":{},"end":{}}],"line":17},"11":{"loc":{"start":{"line":17,"column":16},"end":{"line":17,"column":90}},"type":"binary-expr","locations":[{"start":{"line":17,"column":16},"end":{"line":17,"column":35}},{"start":{"line":17,"column":39},"end":{"line":17,"column":90}}],"line":17},"12":{"loc":{"start":{"line":22,"column":22},"end":{"line":24,"column":1}},"type":"binary-expr","locations":[{"start":{"line":22,"column":23},"end":{"line":22,"column":27}},{"start":{"line":22,"column":31},"end":{"line":22,"column":51}},{"start":{"line":22,"column":56},"end":{"line":24,"column":1}}],"line":22},"13":{"loc":{"start":{"line":23,"column":11},"end":{"line":23,"column":61}},"type":"cond-expr","locations":[{"start":{"line":23,"column":37},"end":{"line":23,"column":40}},{"start":{"line":23,"column":43},"end":{"line":23,"column":61}}],"line":23},"14":{"loc":{"start":{"line":23,"column":12},"end":{"line":23,"column":33}},"type":"binary-expr","locations":[{"start":{"line":23,"column":12},"end":{"line":23,"column":15}},{"start":{"line":23,"column":19},"end":{"line":23,"column":33}}],"line":23},"15":{"loc":{"start":{"line":45,"column":16},"end":{"line":45,"column":63}},"type":"binary-expr","locations":[{"start":{"line":45,"column":16},"end":{"line":45,"column":34}},{"start":{"line":45,"column":39},"end":{"line":45,"column":62}}],"line":45},"16":{"loc":{"start":{"line":55,"column":23},"end":{"line":55,"column":63}},"type":"default-arg","locations":[{"start":{"line":55,"column":32},"end":{"line":55,"column":63}}],"line":55},"17":{"loc":{"start":{"line":65,"column":27},"end":{"line":65,"column":38}},"type":"default-arg","locations":[{"start":{"line":65,"column":37},"end":{"line":65,"column":38}}],"line":65},"18":{"loc":{"start":{"line":74,"column":12},"end":{"line":74,"column":23}},"type":"default-arg","locations":[{"start":{"line":74,"column":22},"end":{"line":74,"column":23}}],"line":74},"19":{"loc":{"start":{"line":90,"column":12},"end":{"line":92,"column":13}},"type":"if","locations":[{"start":{"line":90,"column":12},"end":{"line":92,"column":13}},{"start":{},"end":{}}],"line":90},"20":{"loc":{"start":{"line":142,"column":8},"end":{"line":145,"column":9}},"type":"if","locations":[{"start":{"line":142,"column":8},"end":{"line":145,"column":9}},{"start":{},"end":{}}],"line":142},"21":{"loc":{"start":{"line":142,"column":12},"end":{"line":142,"column":32}},"type":"binary-expr","locations":[{"start":{"line":142,"column":12},"end":{"line":142,"column":18}},{"start":{"line":142,"column":22},"end":{"line":142,"column":32}}],"line":142},"22":{"loc":{"start":{"line":144,"column":50},"end":{"line":144,"column":156}},"type":"binary-expr","locations":[{"start":{"line":144,"column":51},"end":{"line":144,"column":149}},{"start":{"line":144,"column":154},"end":{"line":144,"column":156}}],"line":144},"23":{"loc":{"start":{"line":144,"column":51},"end":{"line":144,"column":149}},"type":"cond-expr","locations":[{"start":{"line":144,"column":97},"end":{"line":144,"column":103}},{"start":{"line":144,"column":106},"end":{"line":144,"column":149}}],"line":144},"24":{"loc":{"start":{"line":144,"column":51},"end":{"line":144,"column":94}},"type":"binary-expr","locations":[{"start":{"line":144,"column":51},"end":{"line":144,"column":77}},{"start":{"line":144,"column":81},"end":{"line":144,"column":94}}],"line":144},"25":{"loc":{"start":{"line":146,"column":8},"end":{"line":149,"column":9}},"type":"if","locations":[{"start":{"line":146,"column":8},"end":{"line":149,"column":9}},{"start":{},"end":{}}],"line":146},"26":{"loc":{"start":{"line":148,"column":50},"end":{"line":148,"column":156}},"type":"binary-expr","locations":[{"start":{"line":148,"column":51},"end":{"line":148,"column":149}},{"start":{"line":148,"column":154},"end":{"line":148,"column":156}}],"line":148},"27":{"loc":{"start":{"line":148,"column":51},"end":{"line":148,"column":149}},"type":"cond-expr","locations":[{"start":{"line":148,"column":97},"end":{"line":148,"column":103}},{"start":{"line":148,"column":106},"end":{"line":148,"column":149}}],"line":148},"28":{"loc":{"start":{"line":148,"column":51},"end":{"line":148,"column":94}},"type":"binary-expr","locations":[{"start":{"line":148,"column":51},"end":{"line":148,"column":77}},{"start":{"line":148,"column":81},"end":{"line":148,"column":94}}],"line":148},"29":{"loc":{"start":{"line":154,"column":46},"end":{"line":154,"column":152}},"type":"binary-expr","locations":[{"start":{"line":154,"column":47},"end":{"line":154,"column":145}},{"start":{"line":154,"column":150},"end":{"line":154,"column":152}}],"line":154},"30":{"loc":{"start":{"line":154,"column":47},"end":{"line":154,"column":145}},"type":"cond-expr","locations":[{"start":{"line":154,"column":93},"end":{"line":154,"column":99}},{"start":{"line":154,"column":102},"end":{"line":154,"column":145}}],"line":154},"31":{"loc":{"start":{"line":154,"column":47},"end":{"line":154,"column":90}},"type":"binary-expr","locations":[{"start":{"line":154,"column":47},"end":{"line":154,"column":73}},{"start":{"line":154,"column":77},"end":{"line":154,"column":90}}],"line":154},"32":{"loc":{"start":{"line":170,"column":46},"end":{"line":170,"column":152}},"type":"binary-expr","locations":[{"start":{"line":170,"column":47},"end":{"line":170,"column":145}},{"start":{"line":170,"column":150},"end":{"line":170,"column":152}}],"line":170},"33":{"loc":{"start":{"line":170,"column":47},"end":{"line":170,"column":145}},"type":"cond-expr","locations":[{"start":{"line":170,"column":93},"end":{"line":170,"column":99}},{"start":{"line":170,"column":102},"end":{"line":170,"column":145}}],"line":170},"34":{"loc":{"start":{"line":170,"column":47},"end":{"line":170,"column":90}},"type":"binary-expr","locations":[{"start":{"line":170,"column":47},"end":{"line":170,"column":73}},{"start":{"line":170,"column":77},"end":{"line":170,"column":90}}],"line":170},"35":{"loc":{"start":{"line":179,"column":22},"end":{"line":179,"column":31}},"type":"default-arg","locations":[{"start":{"line":179,"column":30},"end":{"line":179,"column":31}}],"line":179},"36":{"loc":{"start":{"line":190,"column":16},"end":{"line":196,"column":17}},"type":"if","locations":[{"start":{"line":190,"column":16},"end":{"line":196,"column":17}},{"start":{"line":194,"column":21},"end":{"line":196,"column":17}}],"line":190},"37":{"loc":{"start":{"line":190,"column":20},"end":{"line":190,"column":126}},"type":"binary-expr","locations":[{"start":{"line":190,"column":20},"end":{"line":190,"column":63}},{"start":{"line":190,"column":67},"end":{"line":190,"column":113}},{"start":{"line":190,"column":117},"end":{"line":190,"column":126}}],"line":190},"38":{"loc":{"start":{"line":216,"column":16},"end":{"line":221,"column":17}},"type":"if","locations":[{"start":{"line":216,"column":16},"end":{"line":221,"column":17}},{"start":{"line":219,"column":21},"end":{"line":221,"column":17}}],"line":216},"39":{"loc":{"start":{"line":216,"column":20},"end":{"line":216,"column":113}},"type":"binary-expr","locations":[{"start":{"line":216,"column":20},"end":{"line":216,"column":63}},{"start":{"line":216,"column":67},"end":{"line":216,"column":113}}],"line":216},"40":{"loc":{"start":{"line":259,"column":16},"end":{"line":264,"column":17}},"type":"if","locations":[{"start":{"line":259,"column":16},"end":{"line":264,"column":17}},{"start":{"line":262,"column":21},"end":{"line":264,"column":17}}],"line":259},"41":{"loc":{"start":{"line":259,"column":20},"end":{"line":259,"column":113}},"type":"binary-expr","locations":[{"start":{"line":259,"column":20},"end":{"line":259,"column":63}},{"start":{"line":259,"column":67},"end":{"line":259,"column":113}}],"line":259},"42":{"loc":{"start":{"line":272,"column":15},"end":{"line":272,"column":26}},"type":"default-arg","locations":[{"start":{"line":272,"column":25},"end":{"line":272,"column":26}}],"line":272},"43":{"loc":{"start":{"line":279,"column":12},"end":{"line":284,"column":13}},"type":"if","locations":[{"start":{"line":279,"column":12},"end":{"line":284,"column":13}},{"start":{"line":282,"column":17},"end":{"line":284,"column":13}}],"line":279},"44":{"loc":{"start":{"line":340,"column":8},"end":{"line":345,"column":9}},"type":"if","locations":[{"start":{"line":340,"column":8},"end":{"line":345,"column":9}},{"start":{"line":343,"column":13},"end":{"line":345,"column":9}}],"line":340},"45":{"loc":{"start":{"line":344,"column":47},"end":{"line":344,"column":136}},"type":"binary-expr","locations":[{"start":{"line":344,"column":47},"end":{"line":344,"column":73}},{"start":{"line":344,"column":77},"end":{"line":344,"column":114}},{"start":{"line":344,"column":118},"end":{"line":344,"column":136}}],"line":344}},"s":{"0":1,"1":17,"2":0,"3":16,"4":11,"5":11,"6":2,"7":6,"8":6,"9":5,"10":25,"11":16,"12":1,"13":8,"14":8,"15":56,"16":56,"17":8,"18":8,"19":8,"20":8,"21":0,"22":0,"23":8,"24":1,"25":3,"26":1,"27":1,"28":1,"29":1,"30":1,"31":1,"32":1,"33":1,"34":1,"35":1,"36":1,"37":1,"38":1,"39":1,"40":1,"41":1,"42":1,"43":1,"44":1,"45":20,"46":20,"47":50,"48":9,"49":9,"50":9,"51":3,"52":6,"53":2,"54":0,"55":0,"56":0,"57":0,"58":0,"59":0,"60":0,"61":0,"62":2,"63":0,"64":0,"65":0,"66":2,"67":2,"68":2,"69":1,"70":0,"71":0,"72":0,"73":1,"74":1,"75":1,"76":5,"77":5,"78":5,"79":5,"80":5,"81":4,"82":4,"83":2,"84":2,"85":1,"86":1,"87":1,"88":3,"89":3,"90":3,"91":2,"92":2,"93":1,"94":1,"95":1,"96":0,"97":0,"98":0,"99":3,"100":3,"101":3,"102":2,"103":2,"104":1,"105":1,"106":1,"107":0,"108":0,"109":0,"110":2,"111":1,"112":1,"113":0,"114":5,"115":5,"116":12,"117":8,"118":8,"119":8,"120":3,"121":1,"122":2,"123":0,"124":0,"125":0,"126":0,"127":1},"f":{"0":16,"1":17,"2":0,"3":16,"4":11,"5":6,"6":25,"7":8,"8":3,"9":1,"10":20,"11":50,"12":9,"13":9,"14":9,"15":2,"16":0,"17":0,"18":0,"19":0,"20":0,"21":0,"22":2,"23":0,"24":0,"25":2,"26":1,"27":0,"28":0,"29":1,"30":1,"31":1,"32":5,"33":5,"34":3,"35":3,"36":3,"37":3,"38":2,"39":1,"40":5,"41":5,"42":12,"43":8,"44":3,"45":0},"b":{"0":[1,1,1],"1":[17,0],"2":[16,16],"3":[8,17],"4":[16,16],"5":[1,1,1],"6":[56,0],"7":[56,56],"8":[8,0],"9":[8,8],"10":[0,0],"11":[0,0],"12":[1,1,1],"13":[1,2],"14":[3,3],"15":[1,1],"16":[2],"17":[24],"18":[8],"19":[3,6],"20":[0,2],"21":[2,2],"22":[0,0],"23":[0,0],"24":[0,0],"25":[2,0],"26":[2,1],"27":[1,1],"28":[2,2],"29":[0,0],"30":[0,0],"31":[0,0],"32":[1,0],"33":[0,1],"34":[1,1],"35":[2],"36":[1,1],"37":[2,2,2],"38":[0,0],"39":[0,0],"40":[0,0],"41":[0,0],"42":[2],"43":[1,0],"44":[1,2],"45":[2,2,0]},"inputSourceMap":null,"_coverageSchema":"1a1c01bbd47fc00a2c39e90264f33305004495a9","hash":"27abdbd5982f7bea43cdc6c92237935dfe407904"}
,"/Users/houes/Documents/Git/opensource/blueprint-cdk/blueprint-cdk-back-service/packages/data-models/lib/models/errors.js": {"path":"/Users/houes/Documents/Git/opensource/blueprint-cdk/blueprint-cdk-back-service/packages/data-models/lib/models/errors.js","statementMap":{"0":{"start":{"line":2,"column":0},"end":{"line":2,"column":62}},"1":{"start":{"line":3,"column":0},"end":{"line":3,"column":101}},"2":{"start":{"line":13,"column":8},"end":{"line":13,"column":23}},"3":{"start":{"line":14,"column":8},"end":{"line":14,"column":31}},"4":{"start":{"line":15,"column":8},"end":{"line":15,"column":61}},"5":{"start":{"line":16,"column":8},"end":{"line":16,"column":37}},"6":{"start":{"line":19,"column":0},"end":{"line":19,"column":28}},"7":{"start":{"line":29,"column":8},"end":{"line":29,"column":19}},"8":{"start":{"line":30,"column":8},"end":{"line":30,"column":36}},"9":{"start":{"line":31,"column":8},"end":{"line":31,"column":49}},"10":{"start":{"line":32,"column":8},"end":{"line":32,"column":35}},"11":{"start":{"line":35,"column":0},"end":{"line":35,"column":38}},"12":{"start":{"line":45,"column":8},"end":{"line":45,"column":19}},"13":{"start":{"line":46,"column":8},"end":{"line":46,"column":38}},"14":{"start":{"line":47,"column":8},"end":{"line":47,"column":31}},"15":{"start":{"line":50,"column":0},"end":{"line":50,"column":42}},"16":{"start":{"line":60,"column":8},"end":{"line":60,"column":19}},"17":{"start":{"line":61,"column":8},"end":{"line":61,"column":37}},"18":{"start":{"line":62,"column":8},"end":{"line":62,"column":31}},"19":{"start":{"line":65,"column":0},"end":{"line":65,"column":40}}},"fnMap":{"0":{"name":"(anonymous_0)","decl":{"start":{"line":12,"column":4},"end":{"line":12,"column":5}},"loc":{"start":{"line":12,"column":28},"end":{"line":17,"column":5}},"line":12},"1":{"name":"(anonymous_1)","decl":{"start":{"line":28,"column":4},"end":{"line":28,"column":5}},"loc":{"start":{"line":28,"column":38},"end":{"line":33,"column":5}},"line":28},"2":{"name":"(anonymous_2)","decl":{"start":{"line":44,"column":4},"end":{"line":44,"column":5}},"loc":{"start":{"line":44,"column":25},"end":{"line":48,"column":5}},"line":44},"3":{"name":"(anonymous_3)","decl":{"start":{"line":59,"column":4},"end":{"line":59,"column":5}},"loc":{"start":{"line":59,"column":25},"end":{"line":63,"column":5}},"line":59}},"branchMap":{"0":{"loc":{"start":{"line":28,"column":16},"end":{"line":28,"column":36}},"type":"default-arg","locations":[{"start":{"line":28,"column":28},"end":{"line":28,"column":36}}],"line":28}},"s":{"0":2,"1":2,"2":12,"3":12,"4":12,"5":12,"6":2,"7":4,"8":4,"9":4,"10":4,"11":2,"12":8,"13":8,"14":8,"15":2,"16":0,"17":0,"18":0,"19":2},"f":{"0":12,"1":4,"2":8,"3":0},"b":{"0":[0]},"inputSourceMap":null,"_coverageSchema":"1a1c01bbd47fc00a2c39e90264f33305004495a9","hash":"c19fbb56cea01487db9ebf85ef151495930f1a40"}
,"/Users/houes/Documents/Git/opensource/blueprint-cdk/blueprint-cdk-back-service/packages/data-models/lib/models/feedback.model.js": {"path":"/Users/houes/Documents/Git/opensource/blueprint-cdk/blueprint-cdk-back-service/packages/data-models/lib/models/feedback.model.js","statementMap":{"0":{"start":{"line":2,"column":16},"end":{"line":10,"column":1}},"1":{"start":{"line":3,"column":28},"end":{"line":3,"column":110}},"2":{"start":{"line":3,"column":91},"end":{"line":3,"column":106}},"3":{"start":{"line":4,"column":4},"end":{"line":9,"column":7}},"4":{"start":{"line":5,"column":36},"end":{"line":5,"column":97}},"5":{"start":{"line":5,"column":42},"end":{"line":5,"column":70}},"6":{"start":{"line":5,"column":85},"end":{"line":5,"column":95}},"7":{"start":{"line":6,"column":35},"end":{"line":6,"column":100}},"8":{"start":{"line":6,"column":41},"end":{"line":6,"column":73}},"9":{"start":{"line":6,"column":88},"end":{"line":6,"column":98}},"10":{"start":{"line":7,"column":32},"end":{"line":7,"column":116}},"11":{"start":{"line":8,"column":8},"end":{"line":8,"column":78}},"12":{"start":{"line":11,"column":22},"end":{"line":13,"column":1}},"13":{"start":{"line":12,"column":4},"end":{"line":12,"column":62}},"14":{"start":{"line":14,"column":0},"end":{"line":14,"column":62}},"15":{"start":{"line":15,"column":0},"end":{"line":15,"column":31}},"16":{"start":{"line":16,"column":17},"end":{"line":16,"column":36}},"17":{"start":{"line":17,"column":14},"end":{"line":17,"column":45}},"18":{"start":{"line":18,"column":22},"end":{"line":18,"column":61}},"19":{"start":{"line":19,"column":31},"end":{"line":19,"column":90}},"20":{"start":{"line":20,"column":14},"end":{"line":20,"column":61}},"21":{"start":{"line":21,"column":12},"end":{"line":21,"column":31}},"22":{"start":{"line":22,"column":0},"end":{"line":22,"column":32}},"23":{"start":{"line":33,"column":8},"end":{"line":33,"column":29}},"24":{"start":{"line":34,"column":8},"end":{"line":34,"column":33}},"25":{"start":{"line":35,"column":8},"end":{"line":35,"column":74}},"26":{"start":{"line":42,"column":8},"end":{"line":49,"column":11}},"27":{"start":{"line":43,"column":26},"end":{"line":43,"column":50}},"28":{"start":{"line":44,"column":12},"end":{"line":48,"column":38}},"29":{"start":{"line":48,"column":28},"end":{"line":48,"column":36}},"30":{"start":{"line":59,"column":8},"end":{"line":64,"column":9}},"31":{"start":{"line":60,"column":12},"end":{"line":60,"column":40}},"32":{"start":{"line":63,"column":12},"end":{"line":63,"column":63}},"33":{"start":{"line":65,"column":8},"end":{"line":70,"column":9}},"34":{"start":{"line":66,"column":12},"end":{"line":66,"column":28}},"35":{"start":{"line":69,"column":12},"end":{"line":69,"column":138}},"36":{"start":{"line":73,"column":0},"end":{"line":73,"column":38}}},"fnMap":{"0":{"name":"(anonymous_0)","decl":{"start":{"line":2,"column":44},"end":{"line":2,"column":45}},"loc":{"start":{"line":2,"column":89},"end":{"line":10,"column":1}},"line":2},"1":{"name":"adopt","decl":{"start":{"line":3,"column":13},"end":{"line":3,"column":18}},"loc":{"start":{"line":3,"column":26},"end":{"line":3,"column":112}},"line":3},"2":{"name":"(anonymous_2)","decl":{"start":{"line":3,"column":70},"end":{"line":3,"column":71}},"loc":{"start":{"line":3,"column":89},"end":{"line":3,"column":108}},"line":3},"3":{"name":"(anonymous_3)","decl":{"start":{"line":4,"column":36},"end":{"line":4,"column":37}},"loc":{"start":{"line":4,"column":63},"end":{"line":9,"column":5}},"line":4},"4":{"name":"fulfilled","decl":{"start":{"line":5,"column":17},"end":{"line":5,"column":26}},"loc":{"start":{"line":5,"column":34},"end":{"line":5,"column":99}},"line":5},"5":{"name":"rejected","decl":{"start":{"line":6,"column":17},"end":{"line":6,"column":25}},"loc":{"start":{"line":6,"column":33},"end":{"line":6,"column":102}},"line":6},"6":{"name":"step","decl":{"start":{"line":7,"column":17},"end":{"line":7,"column":21}},"loc":{"start":{"line":7,"column":30},"end":{"line":7,"column":118}},"line":7},"7":{"name":"(anonymous_7)","decl":{"start":{"line":11,"column":56},"end":{"line":11,"column":57}},"loc":{"start":{"line":11,"column":71},"end":{"line":13,"column":1}},"line":11},"8":{"name":"(anonymous_8)","decl":{"start":{"line":32,"column":4},"end":{"line":32,"column":5}},"loc":{"start":{"line":32,"column":63},"end":{"line":36,"column":5}},"line":32},"9":{"name":"(anonymous_9)","decl":{"start":{"line":41,"column":4},"end":{"line":41,"column":5}},"loc":{"start":{"line":41,"column":19},"end":{"line":50,"column":5}},"line":41},"10":{"name":"(anonymous_10)","decl":{"start":{"line":42,"column":47},"end":{"line":42,"column":48}},"loc":{"start":{"line":42,"column":60},"end":{"line":49,"column":9}},"line":42},"11":{"name":"(anonymous_11)","decl":{"start":{"line":48,"column":22},"end":{"line":48,"column":23}},"loc":{"start":{"line":48,"column":28},"end":{"line":48,"column":36}},"line":48},"12":{"name":"(anonymous_12)","decl":{"start":{"line":57,"column":4},"end":{"line":57,"column":5}},"loc":{"start":{"line":57,"column":16},"end":{"line":71,"column":5}},"line":57}},"branchMap":{"0":{"loc":{"start":{"line":2,"column":16},"end":{"line":10,"column":1}},"type":"binary-expr","locations":[{"start":{"line":2,"column":17},"end":{"line":2,"column":21}},{"start":{"line":2,"column":25},"end":{"line":2,"column":39}},{"start":{"line":2,"column":44},"end":{"line":10,"column":1}}],"line":2},"1":{"loc":{"start":{"line":3,"column":35},"end":{"line":3,"column":109}},"type":"cond-expr","locations":[{"start":{"line":3,"column":56},"end":{"line":3,"column":61}},{"start":{"line":3,"column":64},"end":{"line":3,"column":109}}],"line":3},"2":{"loc":{"start":{"line":4,"column":16},"end":{"line":4,"column":34}},"type":"binary-expr","locations":[{"start":{"line":4,"column":16},"end":{"line":4,"column":17}},{"start":{"line":4,"column":22},"end":{"line":4,"column":33}}],"line":4},"3":{"loc":{"start":{"line":7,"column":32},"end":{"line":7,"column":115}},"type":"cond-expr","locations":[{"start":{"line":7,"column":46},"end":{"line":7,"column":67}},{"start":{"line":7,"column":70},"end":{"line":7,"column":115}}],"line":7},"4":{"loc":{"start":{"line":8,"column":51},"end":{"line":8,"column":67}},"type":"binary-expr","locations":[{"start":{"line":8,"column":51},"end":{"line":8,"column":61}},{"start":{"line":8,"column":65},"end":{"line":8,"column":67}}],"line":8},"5":{"loc":{"start":{"line":11,"column":22},"end":{"line":13,"column":1}},"type":"binary-expr","locations":[{"start":{"line":11,"column":23},"end":{"line":11,"column":27}},{"start":{"line":11,"column":31},"end":{"line":11,"column":51}},{"start":{"line":11,"column":56},"end":{"line":13,"column":1}}],"line":11},"6":{"loc":{"start":{"line":12,"column":11},"end":{"line":12,"column":61}},"type":"cond-expr","locations":[{"start":{"line":12,"column":37},"end":{"line":12,"column":40}},{"start":{"line":12,"column":43},"end":{"line":12,"column":61}}],"line":12},"7":{"loc":{"start":{"line":12,"column":12},"end":{"line":12,"column":33}},"type":"binary-expr","locations":[{"start":{"line":12,"column":12},"end":{"line":12,"column":15}},{"start":{"line":12,"column":19},"end":{"line":12,"column":33}}],"line":12},"8":{"loc":{"start":{"line":32,"column":16},"end":{"line":32,"column":29}},"type":"default-arg","locations":[{"start":{"line":32,"column":27},"end":{"line":32,"column":29}}],"line":32},"9":{"loc":{"start":{"line":32,"column":31},"end":{"line":32,"column":61}},"type":"default-arg","locations":[{"start":{"line":32,"column":40},"end":{"line":32,"column":61}}],"line":32},"10":{"loc":{"start":{"line":65,"column":8},"end":{"line":70,"column":9}},"type":"if","locations":[{"start":{"line":65,"column":8},"end":{"line":70,"column":9}},{"start":{"line":68,"column":13},"end":{"line":70,"column":9}}],"line":65},"11":{"loc":{"start":{"line":69,"column":47},"end":{"line":69,"column":136}},"type":"binary-expr","locations":[{"start":{"line":69,"column":47},"end":{"line":69,"column":73}},{"start":{"line":69,"column":77},"end":{"line":69,"column":114}},{"start":{"line":69,"column":118},"end":{"line":69,"column":136}}],"line":69}},"s":{"0":1,"1":0,"2":0,"3":1,"4":0,"5":0,"6":0,"7":0,"8":0,"9":0,"10":1,"11":1,"12":1,"13":4,"14":1,"15":1,"16":1,"17":1,"18":1,"19":1,"20":1,"21":1,"22":1,"23":2,"24":2,"25":2,"26":1,"27":1,"28":1,"29":1,"30":4,"31":4,"32":1,"33":3,"34":1,"35":2,"36":1},"f":{"0":1,"1":0,"2":0,"3":1,"4":0,"5":0,"6":1,"7":4,"8":2,"9":1,"10":1,"11":1,"12":4},"b":{"0":[1,1,1],"1":[0,0],"2":[1,1],"3":[1,0],"4":[1,1],"5":[1,1,1],"6":[1,3],"7":[4,4],"8":[0],"9":[1],"10":[1,2],"11":[2,2,0]},"inputSourceMap":null,"_coverageSchema":"1a1c01bbd47fc00a2c39e90264f33305004495a9","hash":"20f2cbd1c397fe2f00e21bd5933d7bdc52b21b76"}
,"/Users/houes/Documents/Git/opensource/blueprint-cdk/blueprint-cdk-back-service/packages/data-models/lib/models/generic.model.js": {"path":"/Users/houes/Documents/Git/opensource/blueprint-cdk/blueprint-cdk-back-service/packages/data-models/lib/models/generic.model.js","statementMap":{"0":{"start":{"line":2,"column":16},"end":{"line":10,"column":1}},"1":{"start":{"line":3,"column":28},"end":{"line":3,"column":110}},"2":{"start":{"line":3,"column":91},"end":{"line":3,"column":106}},"3":{"start":{"line":4,"column":4},"end":{"line":9,"column":7}},"4":{"start":{"line":5,"column":36},"end":{"line":5,"column":97}},"5":{"start":{"line":5,"column":42},"end":{"line":5,"column":70}},"6":{"start":{"line":5,"column":85},"end":{"line":5,"column":95}},"7":{"start":{"line":6,"column":35},"end":{"line":6,"column":100}},"8":{"start":{"line":6,"column":41},"end":{"line":6,"column":73}},"9":{"start":{"line":6,"column":88},"end":{"line":6,"column":98}},"10":{"start":{"line":7,"column":32},"end":{"line":7,"column":116}},"11":{"start":{"line":8,"column":8},"end":{"line":8,"column":78}},"12":{"start":{"line":11,"column":0},"end":{"line":11,"column":62}},"13":{"start":{"line":12,"column":0},"end":{"line":12,"column":30}},"14":{"start":{"line":23,"column":8},"end":{"line":23,"column":29}},"15":{"start":{"line":24,"column":8},"end":{"line":24,"column":27}},"16":{"start":{"line":33,"column":8},"end":{"line":43,"column":11}},"17":{"start":{"line":34,"column":34},"end":{"line":34,"column":36}},"18":{"start":{"line":35,"column":27},"end":{"line":35,"column":36}},"19":{"start":{"line":36,"column":12},"end":{"line":41,"column":48}},"20":{"start":{"line":37,"column":16},"end":{"line":37,"column":180}},"21":{"start":{"line":38,"column":16},"end":{"line":40,"column":17}},"22":{"start":{"line":39,"column":20},"end":{"line":39,"column":58}},"23":{"start":{"line":42,"column":12},"end":{"line":42,"column":33}},"24":{"start":{"line":52,"column":8},"end":{"line":62,"column":11}},"25":{"start":{"line":53,"column":34},"end":{"line":53,"column":36}},"26":{"start":{"line":54,"column":27},"end":{"line":54,"column":36}},"27":{"start":{"line":55,"column":12},"end":{"line":60,"column":48}},"28":{"start":{"line":56,"column":16},"end":{"line":56,"column":178}},"29":{"start":{"line":57,"column":16},"end":{"line":59,"column":17}},"30":{"start":{"line":58,"column":20},"end":{"line":58,"column":58}},"31":{"start":{"line":61,"column":12},"end":{"line":61,"column":33}},"32":{"start":{"line":65,"column":0},"end":{"line":65,"column":36}}},"fnMap":{"0":{"name":"(anonymous_0)","decl":{"start":{"line":2,"column":44},"end":{"line":2,"column":45}},"loc":{"start":{"line":2,"column":89},"end":{"line":10,"column":1}},"line":2},"1":{"name":"adopt","decl":{"start":{"line":3,"column":13},"end":{"line":3,"column":18}},"loc":{"start":{"line":3,"column":26},"end":{"line":3,"column":112}},"line":3},"2":{"name":"(anonymous_2)","decl":{"start":{"line":3,"column":70},"end":{"line":3,"column":71}},"loc":{"start":{"line":3,"column":89},"end":{"line":3,"column":108}},"line":3},"3":{"name":"(anonymous_3)","decl":{"start":{"line":4,"column":36},"end":{"line":4,"column":37}},"loc":{"start":{"line":4,"column":63},"end":{"line":9,"column":5}},"line":4},"4":{"name":"fulfilled","decl":{"start":{"line":5,"column":17},"end":{"line":5,"column":26}},"loc":{"start":{"line":5,"column":34},"end":{"line":5,"column":99}},"line":5},"5":{"name":"rejected","decl":{"start":{"line":6,"column":17},"end":{"line":6,"column":25}},"loc":{"start":{"line":6,"column":33},"end":{"line":6,"column":102}},"line":6},"6":{"name":"step","decl":{"start":{"line":7,"column":17},"end":{"line":7,"column":21}},"loc":{"start":{"line":7,"column":30},"end":{"line":7,"column":118}},"line":7},"7":{"name":"(anonymous_7)","decl":{"start":{"line":22,"column":4},"end":{"line":22,"column":5}},"loc":{"start":{"line":22,"column":31},"end":{"line":25,"column":5}},"line":22},"8":{"name":"(anonymous_8)","decl":{"start":{"line":32,"column":4},"end":{"line":32,"column":5}},"loc":{"start":{"line":32,"column":36},"end":{"line":44,"column":5}},"line":32},"9":{"name":"(anonymous_9)","decl":{"start":{"line":33,"column":47},"end":{"line":33,"column":48}},"loc":{"start":{"line":33,"column":60},"end":{"line":43,"column":9}},"line":33},"10":{"name":"(anonymous_10)","decl":{"start":{"line":51,"column":4},"end":{"line":51,"column":5}},"loc":{"start":{"line":51,"column":34},"end":{"line":63,"column":5}},"line":51},"11":{"name":"(anonymous_11)","decl":{"start":{"line":52,"column":47},"end":{"line":52,"column":48}},"loc":{"start":{"line":52,"column":60},"end":{"line":62,"column":9}},"line":52}},"branchMap":{"0":{"loc":{"start":{"line":2,"column":16},"end":{"line":10,"column":1}},"type":"binary-expr","locations":[{"start":{"line":2,"column":17},"end":{"line":2,"column":21}},{"start":{"line":2,"column":25},"end":{"line":2,"column":39}},{"start":{"line":2,"column":44},"end":{"line":10,"column":1}}],"line":2},"1":{"loc":{"start":{"line":3,"column":35},"end":{"line":3,"column":109}},"type":"cond-expr","locations":[{"start":{"line":3,"column":56},"end":{"line":3,"column":61}},{"start":{"line":3,"column":64},"end":{"line":3,"column":109}}],"line":3},"2":{"loc":{"start":{"line":4,"column":16},"end":{"line":4,"column":34}},"type":"binary-expr","locations":[{"start":{"line":4,"column":16},"end":{"line":4,"column":17}},{"start":{"line":4,"column":22},"end":{"line":4,"column":33}}],"line":4},"3":{"loc":{"start":{"line":7,"column":32},"end":{"line":7,"column":115}},"type":"cond-expr","locations":[{"start":{"line":7,"column":46},"end":{"line":7,"column":67}},{"start":{"line":7,"column":70},"end":{"line":7,"column":115}}],"line":7},"4":{"loc":{"start":{"line":8,"column":51},"end":{"line":8,"column":67}},"type":"binary-expr","locations":[{"start":{"line":8,"column":51},"end":{"line":8,"column":61}},{"start":{"line":8,"column":65},"end":{"line":8,"column":67}}],"line":8},"5":{"loc":{"start":{"line":37,"column":117},"end":{"line":37,"column":165}},"type":"cond-expr","locations":[{"start":{"line":37,"column":128},"end":{"line":37,"column":153}},{"start":{"line":37,"column":156},"end":{"line":37,"column":165}}],"line":37},"6":{"loc":{"start":{"line":38,"column":16},"end":{"line":40,"column":17}},"type":"if","locations":[{"start":{"line":38,"column":16},"end":{"line":40,"column":17}},{"start":{},"end":{}}],"line":38},"7":{"loc":{"start":{"line":56,"column":115},"end":{"line":56,"column":163}},"type":"cond-expr","locations":[{"start":{"line":56,"column":126},"end":{"line":56,"column":151}},{"start":{"line":56,"column":154},"end":{"line":56,"column":163}}],"line":56},"8":{"loc":{"start":{"line":57,"column":16},"end":{"line":59,"column":17}},"type":"if","locations":[{"start":{"line":57,"column":16},"end":{"line":59,"column":17}},{"start":{},"end":{}}],"line":57}},"s":{"0":1,"1":0,"2":0,"3":0,"4":0,"5":0,"6":0,"7":0,"8":0,"9":0,"10":0,"11":0,"12":1,"13":1,"14":20,"15":20,"16":0,"17":0,"18":0,"19":0,"20":0,"21":0,"22":0,"23":0,"24":0,"25":0,"26":0,"27":0,"28":0,"29":0,"30":0,"31":0,"32":1},"f":{"0":0,"1":0,"2":0,"3":0,"4":0,"5":0,"6":0,"7":20,"8":0,"9":0,"10":0,"11":0},"b":{"0":[1,1,1],"1":[0,0],"2":[0,0],"3":[0,0],"4":[0,0],"5":[0,0],"6":[0,0],"7":[0,0],"8":[0,0]},"inputSourceMap":null,"_coverageSchema":"1a1c01bbd47fc00a2c39e90264f33305004495a9","hash":"5dbc9f7c066b38d4ca9804988680cdfaf82c0b70"}
}
