TN:
SF:lib/models/demo.model.js
FN:2,(anonymous_0)
FN:3,adopt
FN:3,(anonymous_2)
FN:4,(anonymous_3)
FN:5,fulfilled
FN:6,rejected
FN:7,step
FN:11,(anonymous_7)
FN:22,(anonymous_8)
FN:40,(anonymous_9)
FN:55,(anonymous_10)
FN:65,(anonymous_11)
FN:74,(anonymous_12)
FN:82,(anonymous_13)
FN:89,(anonymous_14)
FN:102,(anonymous_15)
FN:119,(anonymous_16)
FN:120,(anonymous_17)
FN:122,(anonymous_18)
FN:130,(anonymous_19)
FN:131,(anonymous_20)
FN:133,(anonymous_21)
FN:140,(anonymous_22)
FN:144,(anonymous_23)
FN:144,(anonymous_24)
FN:148,(anonymous_25)
FN:148,(anonymous_26)
FN:154,(anonymous_27)
FN:154,(anonymous_28)
FN:160,(anonymous_29)
FN:170,(anonymous_30)
FN:170,(anonymous_31)
FN:179,(anonymous_32)
FN:180,(anonymous_33)
FN:205,(anonymous_34)
FN:206,(anonymous_35)
FN:230,(anonymous_36)
FN:231,(anonymous_37)
FN:272,(anonymous_38)
FN:278,(anonymous_39)
FN:293,(anonymous_40)
FN:294,(anonymous_41)
FN:321,(anonymous_42)
FN:329,(anonymous_43)
FN:339,(anonymous_44)
FN:352,(anonymous_45)
FNF:46
FNH:34
FNDA:16,(anonymous_0)
FNDA:17,adopt
FNDA:0,(anonymous_2)
FNDA:16,(anonymous_3)
FNDA:11,fulfilled
FNDA:6,rejected
FNDA:25,step
FNDA:8,(anonymous_7)
FNDA:3,(anonymous_8)
FNDA:1,(anonymous_9)
FNDA:20,(anonymous_10)
FNDA:50,(anonymous_11)
FNDA:9,(anonymous_12)
FNDA:9,(anonymous_13)
FNDA:9,(anonymous_14)
FNDA:2,(anonymous_15)
FNDA:0,(anonymous_16)
FNDA:0,(anonymous_17)
FNDA:0,(anonymous_18)
FNDA:0,(anonymous_19)
FNDA:0,(anonymous_20)
FNDA:0,(anonymous_21)
FNDA:2,(anonymous_22)
FNDA:0,(anonymous_23)
FNDA:0,(anonymous_24)
FNDA:2,(anonymous_25)
FNDA:1,(anonymous_26)
FNDA:0,(anonymous_27)
FNDA:0,(anonymous_28)
FNDA:1,(anonymous_29)
FNDA:1,(anonymous_30)
FNDA:1,(anonymous_31)
FNDA:5,(anonymous_32)
FNDA:5,(anonymous_33)
FNDA:3,(anonymous_34)
FNDA:3,(anonymous_35)
FNDA:3,(anonymous_36)
FNDA:3,(anonymous_37)
FNDA:2,(anonymous_38)
FNDA:1,(anonymous_39)
FNDA:5,(anonymous_40)
FNDA:5,(anonymous_41)
FNDA:12,(anonymous_42)
FNDA:8,(anonymous_43)
FNDA:3,(anonymous_44)
FNDA:0,(anonymous_45)
DA:2,1
DA:3,17
DA:4,16
DA:5,11
DA:6,6
DA:7,25
DA:8,16
DA:11,1
DA:12,8
DA:13,56
DA:14,56
DA:15,8
DA:16,8
DA:17,0
DA:18,0
DA:20,8
DA:22,1
DA:23,3
DA:25,1
DA:26,1
DA:27,1
DA:28,1
DA:29,1
DA:30,1
DA:31,1
DA:32,1
DA:33,1
DA:34,1
DA:35,1
DA:36,1
DA:37,1
DA:38,1
DA:40,1
DA:41,1
DA:42,1
DA:43,1
DA:44,1
DA:56,20
DA:57,20
DA:66,50
DA:75,9
DA:83,9
DA:90,9
DA:91,3
DA:93,6
DA:103,2
DA:120,0
DA:121,0
DA:122,0
DA:131,0
DA:132,0
DA:133,0
DA:142,2
DA:143,0
DA:144,0
DA:146,2
DA:147,2
DA:148,2
DA:151,0
DA:154,0
DA:161,1
DA:170,1
DA:180,5
DA:181,5
DA:182,5
DA:183,5
DA:184,5
DA:185,4
DA:186,4
DA:187,2
DA:190,2
DA:191,1
DA:192,1
DA:195,1
DA:206,3
DA:207,3
DA:208,3
DA:209,2
DA:210,2
DA:211,1
DA:212,1
DA:213,1
DA:216,0
DA:217,0
DA:220,0
DA:231,3
DA:232,3
DA:233,3
DA:234,2
DA:235,2
DA:236,1
DA:237,1
DA:256,1
DA:259,0
DA:260,0
DA:263,0
DA:273,2
DA:279,1
DA:280,1
DA:283,0
DA:294,5
DA:295,5
DA:322,12
DA:331,8
DA:332,8
DA:340,3
DA:341,1
DA:344,2
DA:354,0
DA:355,0
DA:358,0
DA:360,0
DA:363,1
LF:113
LH:90
BRDA:2,0,0,1
BRDA:2,0,1,1
BRDA:2,0,2,1
BRDA:3,1,0,17
BRDA:3,1,1,0
BRDA:4,2,0,16
BRDA:4,2,1,16
BRDA:7,3,0,8
BRDA:7,3,1,17
BRDA:8,4,0,16
BRDA:8,4,1,16
BRDA:11,5,0,1
BRDA:11,5,1,1
BRDA:11,5,2,1
BRDA:13,6,0,56
BRDA:13,6,1,0
BRDA:13,7,0,56
BRDA:13,7,1,56
BRDA:15,8,0,8
BRDA:15,8,1,0
BRDA:15,9,0,8
BRDA:15,9,1,8
BRDA:17,10,0,0
BRDA:17,10,1,0
BRDA:17,11,0,0
BRDA:17,11,1,0
BRDA:22,12,0,1
BRDA:22,12,1,1
BRDA:22,12,2,1
BRDA:23,13,0,1
BRDA:23,13,1,2
BRDA:23,14,0,3
BRDA:23,14,1,3
BRDA:45,15,0,1
BRDA:45,15,1,1
BRDA:55,16,0,2
BRDA:65,17,0,24
BRDA:74,18,0,8
BRDA:90,19,0,3
BRDA:90,19,1,6
BRDA:142,20,0,0
BRDA:142,20,1,2
BRDA:142,21,0,2
BRDA:142,21,1,2
BRDA:144,22,0,0
BRDA:144,22,1,0
BRDA:144,23,0,0
BRDA:144,23,1,0
BRDA:144,24,0,0
BRDA:144,24,1,0
BRDA:146,25,0,2
BRDA:146,25,1,0
BRDA:148,26,0,2
BRDA:148,26,1,1
BRDA:148,27,0,1
BRDA:148,27,1,1
BRDA:148,28,0,2
BRDA:148,28,1,2
BRDA:154,29,0,0
BRDA:154,29,1,0
BRDA:154,30,0,0
BRDA:154,30,1,0
BRDA:154,31,0,0
BRDA:154,31,1,0
BRDA:170,32,0,1
BRDA:170,32,1,0
BRDA:170,33,0,0
BRDA:170,33,1,1
BRDA:170,34,0,1
BRDA:170,34,1,1
BRDA:179,35,0,2
BRDA:190,36,0,1
BRDA:190,36,1,1
BRDA:190,37,0,2
BRDA:190,37,1,2
BRDA:190,37,2,2
BRDA:216,38,0,0
BRDA:216,38,1,0
BRDA:216,39,0,0
BRDA:216,39,1,0
BRDA:259,40,0,0
BRDA:259,40,1,0
BRDA:259,41,0,0
BRDA:259,41,1,0
BRDA:272,42,0,2
BRDA:279,43,0,1
BRDA:279,43,1,0
BRDA:340,44,0,1
BRDA:340,44,1,2
BRDA:344,45,0,2
BRDA:344,45,1,2
BRDA:344,45,2,0
BRF:92
BRH:59
end_of_record
TN:
SF:lib/models/errors.js
FN:12,(anonymous_0)
FN:28,(anonymous_1)
FN:44,(anonymous_2)
FN:59,(anonymous_3)
FNF:4
FNH:3
FNDA:12,(anonymous_0)
FNDA:4,(anonymous_1)
FNDA:8,(anonymous_2)
FNDA:0,(anonymous_3)
DA:2,2
DA:3,2
DA:13,12
DA:14,12
DA:15,12
DA:16,12
DA:19,2
DA:29,4
DA:30,4
DA:31,4
DA:32,4
DA:35,2
DA:45,8
DA:46,8
DA:47,8
DA:50,2
DA:60,0
DA:61,0
DA:62,0
DA:65,2
LF:20
LH:17
BRDA:28,0,0,0
BRF:1
BRH:0
end_of_record
TN:
SF:lib/models/feedback.model.js
FN:2,(anonymous_0)
FN:3,adopt
FN:3,(anonymous_2)
FN:4,(anonymous_3)
FN:5,fulfilled
FN:6,rejected
FN:7,step
FN:11,(anonymous_7)
FN:32,(anonymous_8)
FN:41,(anonymous_9)
FN:42,(anonymous_10)
FN:48,(anonymous_11)
FN:57,(anonymous_12)
FNF:13
FNH:9
FNDA:1,(anonymous_0)
FNDA:0,adopt
FNDA:0,(anonymous_2)
FNDA:1,(anonymous_3)
FNDA:0,fulfilled
FNDA:0,rejected
FNDA:1,step
FNDA:4,(anonymous_7)
FNDA:2,(anonymous_8)
FNDA:1,(anonymous_9)
FNDA:1,(anonymous_10)
FNDA:1,(anonymous_11)
FNDA:4,(anonymous_12)
DA:2,1
DA:3,0
DA:4,1
DA:5,0
DA:6,0
DA:7,1
DA:8,1
DA:11,1
DA:12,4
DA:14,1
DA:15,1
DA:16,1
DA:17,1
DA:18,1
DA:19,1
DA:20,1
DA:21,1
DA:22,1
DA:33,2
DA:34,2
DA:35,2
DA:42,1
DA:43,1
DA:44,1
DA:48,1
DA:59,4
DA:60,4
DA:63,1
DA:65,3
DA:66,1
DA:69,2
DA:73,1
LF:32
LH:29
BRDA:2,0,0,1
BRDA:2,0,1,1
BRDA:2,0,2,1
BRDA:3,1,0,0
BRDA:3,1,1,0
BRDA:4,2,0,1
BRDA:4,2,1,1
BRDA:7,3,0,1
BRDA:7,3,1,0
BRDA:8,4,0,1
BRDA:8,4,1,1
BRDA:11,5,0,1
BRDA:11,5,1,1
BRDA:11,5,2,1
BRDA:12,6,0,1
BRDA:12,6,1,3
BRDA:12,7,0,4
BRDA:12,7,1,4
BRDA:32,8,0,0
BRDA:32,9,0,1
BRDA:65,10,0,1
BRDA:65,10,1,2
BRDA:69,11,0,2
BRDA:69,11,1,2
BRDA:69,11,2,0
BRF:25
BRH:20
end_of_record
TN:
SF:lib/models/generic.model.js
FN:2,(anonymous_0)
FN:3,adopt
FN:3,(anonymous_2)
FN:4,(anonymous_3)
FN:5,fulfilled
FN:6,rejected
FN:7,step
FN:22,(anonymous_7)
FN:32,(anonymous_8)
FN:33,(anonymous_9)
FN:51,(anonymous_10)
FN:52,(anonymous_11)
FNF:12
FNH:1
FNDA:0,(anonymous_0)
FNDA:0,adopt
FNDA:0,(anonymous_2)
FNDA:0,(anonymous_3)
FNDA:0,fulfilled
FNDA:0,rejected
FNDA:0,step
FNDA:20,(anonymous_7)
FNDA:0,(anonymous_8)
FNDA:0,(anonymous_9)
FNDA:0,(anonymous_10)
FNDA:0,(anonymous_11)
DA:2,1
DA:3,0
DA:4,0
DA:5,0
DA:6,0
DA:7,0
DA:8,0
DA:11,1
DA:12,1
DA:23,20
DA:24,20
DA:33,0
DA:34,0
DA:35,0
DA:36,0
DA:37,0
DA:38,0
DA:39,0
DA:42,0
DA:52,0
DA:53,0
DA:54,0
DA:55,0
DA:56,0
DA:57,0
DA:58,0
DA:61,0
DA:65,1
LF:28
LH:6
BRDA:2,0,0,1
BRDA:2,0,1,1
BRDA:2,0,2,1
BRDA:3,1,0,0
BRDA:3,1,1,0
BRDA:4,2,0,0
BRDA:4,2,1,0
BRDA:7,3,0,0
BRDA:7,3,1,0
BRDA:8,4,0,0
BRDA:8,4,1,0
BRDA:37,5,0,0
BRDA:37,5,1,0
BRDA:38,6,0,0
BRDA:38,6,1,0
BRDA:56,7,0,0
BRDA:56,7,1,0
BRDA:57,8,0,0
BRDA:57,8,1,0
BRF:19
BRH:3
end_of_record
